# JRE version: Java(TM) SE Runtime Environment (8.0_31-b13) (build 1.8.0_31-b13)
# Java VM: Java HotSpot(TM) 64-Bit Server VM (25.31-b07 mixed mode windows-amd64 compressed oops)
Heap:
 PSYoungGen      total 665088K, used 93961K [0x00000000d5d00000, 0x0000000100000000, 0x0000000100000000)
  eden space 646144K, 12% used [0x00000000d5d00000,0x00000000da8d05b8,0x00000000fd400000)
  from space 18944K, 86% used [0x00000000fed80000,0x00000000ffd72020,0x0000000100000000)
  to   space 22528K, 0% used [0x00000000fd400000,0x00000000fd400000,0x00000000fea00000)
 ParOldGen       total 151040K, used 74411K [0x0000000081600000, 0x000000008a980000, 0x00000000d5d00000)
  object space 151040K, 49% used [0x0000000081600000,0x0000000085eaaf18,0x000000008a980000)
 Metaspace       used 18112K, capacity 18323K, committed 18560K, reserved 1067008K
  class space    used 1849K, capacity 1916K, committed 1920K, reserved 1048576K
GC Heap History (10 events):
Event: 49.263 GC heap before
{Heap before GC invocations=21 (full 1):
 PSYoungGen      total 660480K, used 634890K [0x00000000d5d00000, 0x0000000100000000, 0x0000000100000000)
  eden space 634368K, 99% used [0x00000000d5d00000,0x00000000fc81eaf0,0x00000000fc880000)
  from space 26112K, 3% used [0x00000000fc880000,0x00000000fc964010,0x00000000fe200000)
  to   space 24576K, 0% used [0x00000000fe800000,0x00000000fe800000,0x0000000100000000)
 ParOldGen       total 151040K, used 74403K [0x0000000081600000, 0x000000008a980000, 0x00000000d5d00000)
  object space 151040K, 49% used [0x0000000081600000,0x0000000085ea8f18,0x000000008a980000)
 Metaspace       used 18070K, capacity 18227K, committed 18304K, reserved 1064960K
  class space    used 1845K, capacity 1884K, committed 1920K, reserved 1048576K
Event: 49.265 GC heap after
Heap after GC invocations=21 (full 1):
 PSYoungGen      total 660480K, used 128K [0x00000000d5d00000, 0x00000000ffb80000, 0x0000000100000000)
  eden space 640512K, 0% used [0x00000000d5d00000,0x00000000d5d00000,0x00000000fce80000)
  from space 19968K, 0% used [0x00000000fe800000,0x00000000fe820000,0x00000000ffb80000)
  to   space 23040K, 0% used [0x00000000fce80000,0x00000000fce80000,0x00000000fe500000)
 ParOldGen       total 151040K, used 74411K [0x0000000081600000, 0x000000008a980000, 0x00000000d5d00000)
  object space 151040K, 49% used [0x0000000081600000,0x0000000085eaaf18,0x000000008a980000)
 Metaspace       used 18070K, capacity 18227K, committed 18304K, reserved 1064960K
  class space    used 1845K, capacity 1884K, committed 1920K, reserved 1048576K
}
Event: 54.225 GC heap before
{Heap before GC invocations=22 (full 1):
 PSYoungGen      total 660480K, used 640568K [0x00000000d5d00000, 0x00000000ffb80000, 0x0000000100000000)
  eden space 640512K, 99% used [0x00000000d5d00000,0x00000000fce6e058,0x00000000fce80000)
  from space 19968K, 0% used [0x00000000fe800000,0x00000000fe820000,0x00000000ffb80000)
  to   space 23040K, 0% used [0x00000000fce80000,0x00000000fce80000,0x00000000fe500000)
 ParOldGen       total 151040K, used 74411K [0x0000000081600000, 0x000000008a980000, 0x00000000d5d00000)
  object space 151040K, 49% used [0x0000000081600000,0x0000000085eaaf18,0x000000008a980000)
 Metaspace       used 18070K, capacity 18227K, committed 18304K, reserved 1064960K
  class space    used 1845K, capacity 1884K, committed 1920K, reserved 1048576K
Event: 54.227 GC heap after
Heap after GC invocations=22 (full 1):
 PSYoungGen      total 663552K, used 3520K [0x00000000d5d00000, 0x0000000100000000, 0x0000000100000000)
  eden space 640512K, 0% used [0x00000000d5d00000,0x00000000d5d00000,0x00000000fce80000)
  from space 23040K, 15% used [0x00000000fce80000,0x00000000fd1f0020,0x00000000fe500000)
  to   space 21504K, 0% used [0x00000000feb00000,0x00000000feb00000,0x0000000100000000)
 ParOldGen       total 151040K, used 74411K [0x0000000081600000, 0x000000008a980000, 0x00000000d5d00000)
  object space 151040K, 49% used [0x0000000081600000,0x0000000085eaaf18,0x000000008a980000)
 Metaspace       used 18070K, capacity 18227K, committed 18304K, reserved 1064960K
  class space    used 1845K, capacity 1884K, committed 1920K, reserved 1048576K
}
Event: 59.236 GC heap before
{Heap before GC invocations=23 (full 1):
 PSYoungGen      total 663552K, used 642243K [0x00000000d5d00000, 0x0000000100000000, 0x0000000100000000)
  eden space 640512K, 99% used [0x00000000d5d00000,0x00000000fccc0c00,0x00000000fce80000)
  from space 23040K, 15% used [0x00000000fce80000,0x00000000fd1f0020,0x00000000fe500000)
  to   space 21504K, 0% used [0x00000000feb00000,0x00000000feb00000,0x0000000100000000)
 ParOldGen       total 151040K, used 74411K [0x0000000081600000, 0x000000008a980000, 0x00000000d5d00000)
  object space 151040K, 49% used [0x0000000081600000,0x0000000085eaaf18,0x000000008a980000)
 Metaspace       used 18070K, capacity 18227K, committed 18304K, reserved 1064960K
  class space    used 1845K, capacity 1884K, committed 1920K, reserved 1048576K
Event: 59.239 GC heap after
Heap after GC invocations=23 (full 1):
 PSYoungGen      total 663552K, used 976K [0x00000000d5d00000, 0x00000000ffb80000, 0x0000000100000000)
  eden space 646656K, 0% used [0x00000000d5d00000,0x00000000d5d00000,0x00000000fd480000)
  from space 16896K, 5% used [0x00000000feb00000,0x00000000febf4010,0x00000000ffb80000)
  to   space 19968K, 0% used [0x00000000fd480000,0x00000000fd480000,0x00000000fe800000)
 ParOldGen       total 151040K, used 74411K [0x0000000081600000, 0x000000008a980000, 0x00000000d5d00000)
  object space 151040K, 49% used [0x0000000081600000,0x0000000085eaaf18,0x000000008a980000)
 Metaspace       used 18070K, capacity 18227K, committed 18304K, reserved 1064960K
  class space    used 1845K, capacity 1884K, committed 1920K, reserved 1048576K
}
Event: 64.136 GC heap before
{Heap before GC invocations=24 (full 1):
 PSYoungGen      total 663552K, used 647632K [0x00000000d5d00000, 0x00000000ffb80000, 0x0000000100000000)
  eden space 646656K, 100% used [0x00000000d5d00000,0x00000000fd480000,0x00000000fd480000)
  from space 16896K, 5% used [0x00000000feb00000,0x00000000febf4010,0x00000000ffb80000)
  to   space 19968K, 0% used [0x00000000fd480000,0x00000000fd480000,0x00000000fe800000)
 ParOldGen       total 151040K, used 74411K [0x0000000081600000, 0x000000008a980000, 0x00000000d5d00000)
  object space 151040K, 49% used [0x0000000081600000,0x0000000085eaaf18,0x000000008a980000)
 Metaspace       used 18071K, capacity 18227K, committed 18304K, reserved 1064960K
  class space    used 1845K, capacity 1884K, committed 1920K, reserved 1048576K
Event: 64.137 GC heap after
Heap after GC invocations=24 (full 1):
 PSYoungGen      total 666624K, used 128K [0x00000000d5d00000, 0x0000000100000000, 0x0000000100000000)
  eden space 646656K, 0% used [0x00000000d5d00000,0x00000000d5d00000,0x00000000fd480000)
  from space 19968K, 0% used [0x00000000fd480000,0x00000000fd4a0000,0x00000000fe800000)
  to   space 18944K, 0% used [0x00000000fed80000,0x00000000fed80000,0x0000000100000000)
 ParOldGen       total 151040K, used 74411K [0x0000000081600000, 0x000000008a980000, 0x00000000d5d00000)
  object space 151040K, 49% used [0x0000000081600000,0x0000000085eaaf18,0x000000008a980000)
 Metaspace       used 18071K, capacity 18227K, committed 18304K, reserved 1064960K
  class space    used 1845K, capacity 1884K, committed 1920K, reserved 1048576K
}
Event: 68.997 GC heap before
{Heap before GC invocations=25 (full 1):
 PSYoungGen      total 666624K, used 646784K [0x00000000d5d00000, 0x0000000100000000, 0x0000000100000000)
  eden space 646656K, 100% used [0x00000000d5d00000,0x00000000fd480000,0x00000000fd480000)
  from space 19968K, 0% used [0x00000000fd480000,0x00000000fd4a0000,0x00000000fe800000)
  to   space 18944K, 0% used [0x00000000fed80000,0x00000000fed80000,0x0000000100000000)
 ParOldGen       total 151040K, used 74411K [0x0000000081600000, 0x000000008a980000, 0x00000000d5d00000)
  object space 151040K, 49% used [0x0000000081600000,0x0000000085eaaf18,0x000000008a980000)
 Metaspace       used 18112K, capacity 18323K, committed 18560K, reserved 1067008K
  class space    used 1849K, capacity 1916K, committed 1920K, reserved 1048576K
Event: 69.012 GC heap after
Heap after GC invocations=25 (full 1):
 PSYoungGen      total 665088K, used 16328K [0x00000000d5d00000, 0x0000000100000000, 0x0000000100000000)
  eden space 646144K, 0% used [0x00000000d5d00000,0x00000000d5d00000,0x00000000fd400000)
  from space 18944K, 86% used [0x00000000fed80000,0x00000000ffd72020,0x0000000100000000)
  to   space 22528K, 0% used [0x00000000fd400000,0x00000000fd400000,0x00000000fea00000)
 ParOldGen       total 151040K, used 74411K [0x0000000081600000, 0x000000008a980000, 0x00000000d5d00000)
  object space 151040K, 49% used [0x0000000081600000,0x0000000085eaaf18,0x000000008a980000)
 Metaspace       used 18112K, capacity 18323K, committed 18560K, reserved 1067008K
  class space    used 1849K, capacity 1916K, committed 1920K, reserved 1048576K
}

