# JRE version: Java(TM) SE Runtime Environment (8.0_31-b13) (build 1.8.0_31-b13)
# Java VM: Java HotSpot(TM) 64-Bit Server VM (25.31-b07 mixed mode windows-amd64 compressed oops)
Heap:
 PSYoungGen      total 424960K, used 211467K [0x00000000d5d00000, 0x00000000f4d80000, 0x0000000100000000)
  eden space 354816K, 54% used [0x00000000d5d00000,0x00000000e1a9ee30,0x00000000eb780000)
  from space 70144K, 24% used [0x00000000eb780000,0x00000000ec864010,0x00000000efc00000)
  to   space 67072K, 0% used [0x00000000f0c00000,0x00000000f0c00000,0x00000000f4d80000)
 ParOldGen       total 299520K, used 185162K [0x0000000081600000, 0x0000000093a80000, 0x00000000d5d00000)
  object space 299520K, 61% used [0x0000000081600000,0x000000008cad2b88,0x0000000093a80000)
 Metaspace       used 18075K, capacity 18259K, committed 18304K, reserved 1064960K
  class space    used 1815K, capacity 1888K, committed 1920K, reserved 1048576K
GC Heap History (10 events):
Event: 12.809 GC heap before
{Heap before GC invocations=15 (full 2):
 PSYoungGen      total 358912K, used 302144K [0x00000000d5d00000, 0x00000000f1900000, 0x0000000100000000)
  eden space 285696K, 100% used [0x00000000d5d00000,0x00000000e7400000,0x00000000e7400000)
  from space 73216K, 22% used [0x00000000ed180000,0x00000000ee190000,0x00000000f1900000)
  to   space 84480K, 0% used [0x00000000e7400000,0x00000000e7400000,0x00000000ec680000)
 ParOldGen       total 299520K, used 185122K [0x0000000081600000, 0x0000000093a80000, 0x00000000d5d00000)
  object space 299520K, 61% used [0x0000000081600000,0x000000008cac8b88,0x0000000093a80000)
 Metaspace       used 17862K, capacity 18059K, committed 18304K, reserved 1064960K
  class space    used 1815K, capacity 1888K, committed 1920K, reserved 1048576K
Event: 12.835 GC heap after
Heap after GC invocations=15 (full 2):
 PSYoungGen      total 370176K, used 19808K [0x00000000d5d00000, 0x00000000f3c00000, 0x0000000100000000)
  eden space 285696K, 0% used [0x00000000d5d00000,0x00000000d5d00000,0x00000000e7400000)
  from space 84480K, 23% used [0x00000000e7400000,0x00000000e8758020,0x00000000ec680000)
  to   space 80384K, 0% used [0x00000000eed80000,0x00000000eed80000,0x00000000f3c00000)
 ParOldGen       total 299520K, used 185130K [0x0000000081600000, 0x0000000093a80000, 0x00000000d5d00000)
  object space 299520K, 61% used [0x0000000081600000,0x000000008cacab88,0x0000000093a80000)
 Metaspace       used 17862K, capacity 18059K, committed 18304K, reserved 1064960K
  class space    used 1815K, capacity 1888K, committed 1920K, reserved 1048576K
}
Event: 14.617 GC heap before
{Heap before GC invocations=16 (full 2):
 PSYoungGen      total 370176K, used 305433K [0x00000000d5d00000, 0x00000000f3c00000, 0x0000000100000000)
  eden space 285696K, 99% used [0x00000000d5d00000,0x00000000e73ee798,0x00000000e7400000)
  from space 84480K, 23% used [0x00000000e7400000,0x00000000e8758020,0x00000000ec680000)
  to   space 80384K, 0% used [0x00000000eed80000,0x00000000eed80000,0x00000000f3c00000)
 ParOldGen       total 299520K, used 185130K [0x0000000081600000, 0x0000000093a80000, 0x00000000d5d00000)
  object space 299520K, 61% used [0x0000000081600000,0x000000008cacab88,0x0000000093a80000)
 Metaspace       used 17915K, capacity 18059K, committed 18304K, reserved 1064960K
  class space    used 1815K, capacity 1888K, committed 1920K, reserved 1048576K
Event: 14.647 GC heap after
Heap after GC invocations=16 (full 2):
 PSYoungGen      total 390656K, used 19808K [0x00000000d5d00000, 0x00000000f2f00000, 0x0000000100000000)
  eden space 323584K, 0% used [0x00000000d5d00000,0x00000000d5d00000,0x00000000e9900000)
  from space 67072K, 29% used [0x00000000eed80000,0x00000000f00d8020,0x00000000f2f00000)
  to   space 76800K, 0% used [0x00000000e9900000,0x00000000e9900000,0x00000000ee400000)
 ParOldGen       total 299520K, used 185138K [0x0000000081600000, 0x0000000093a80000, 0x00000000d5d00000)
  object space 299520K, 61% used [0x0000000081600000,0x000000008caccb88,0x0000000093a80000)
 Metaspace       used 17915K, capacity 18059K, committed 18304K, reserved 1064960K
  class space    used 1815K, capacity 1888K, committed 1920K, reserved 1048576K
}
Event: 16.613 GC heap before
{Heap before GC invocations=17 (full 2):
 PSYoungGen      total 390656K, used 343392K [0x00000000d5d00000, 0x00000000f2f00000, 0x0000000100000000)
  eden space 323584K, 100% used [0x00000000d5d00000,0x00000000e9900000,0x00000000e9900000)
  from space 67072K, 29% used [0x00000000eed80000,0x00000000f00d8020,0x00000000f2f00000)
  to   space 76800K, 0% used [0x00000000e9900000,0x00000000e9900000,0x00000000ee400000)
 ParOldGen       total 299520K, used 185138K [0x0000000081600000, 0x0000000093a80000, 0x00000000d5d00000)
  object space 299520K, 61% used [0x0000000081600000,0x000000008caccb88,0x0000000093a80000)
 Metaspace       used 17940K, capacity 18187K, committed 18304K, reserved 1064960K
  class space    used 1815K, capacity 1888K, committed 1920K, reserved 1048576K
Event: 16.639 GC heap after
Heap after GC invocations=17 (full 2):
 PSYoungGen      total 400384K, used 16416K [0x00000000d5d00000, 0x00000000f4b80000, 0x0000000100000000)
  eden space 323584K, 0% used [0x00000000d5d00000,0x00000000d5d00000,0x00000000e9900000)
  from space 76800K, 21% used [0x00000000e9900000,0x00000000ea908000,0x00000000ee400000)
  to   space 73216K, 0% used [0x00000000f0400000,0x00000000f0400000,0x00000000f4b80000)
 ParOldGen       total 299520K, used 185146K [0x0000000081600000, 0x0000000093a80000, 0x00000000d5d00000)
  object space 299520K, 61% used [0x0000000081600000,0x000000008caceb88,0x0000000093a80000)
 Metaspace       used 17940K, capacity 18187K, committed 18304K, reserved 1064960K
  class space    used 1815K, capacity 1888K, committed 1920K, reserved 1048576K
}
Event: 18.693 GC heap before
{Heap before GC invocations=18 (full 2):
 PSYoungGen      total 400384K, used 339484K [0x00000000d5d00000, 0x00000000f4b80000, 0x0000000100000000)
  eden space 323584K, 99% used [0x00000000d5d00000,0x00000000e987f170,0x00000000e9900000)
  from space 76800K, 21% used [0x00000000e9900000,0x00000000ea908000,0x00000000ee400000)
  to   space 73216K, 0% used [0x00000000f0400000,0x00000000f0400000,0x00000000f4b80000)
 ParOldGen       total 299520K, used 185146K [0x0000000081600000, 0x0000000093a80000, 0x00000000d5d00000)
  object space 299520K, 61% used [0x0000000081600000,0x000000008caceb88,0x0000000093a80000)
 Metaspace       used 17960K, capacity 18187K, committed 18304K, reserved 1064960K
  class space    used 1815K, capacity 1888K, committed 1920K, reserved 1048576K
Event: 18.718 GC heap after
Heap after GC invocations=18 (full 2):
 PSYoungGen      total 416768K, used 16448K [0x00000000d5d00000, 0x00000000f4080000, 0x0000000100000000)
  eden space 354816K, 0% used [0x00000000d5d00000,0x00000000d5d00000,0x00000000eb780000)
  from space 61952K, 26% used [0x00000000f0400000,0x00000000f1410000,0x00000000f4080000)
  to   space 70144K, 0% used [0x00000000eb780000,0x00000000eb780000,0x00000000efc00000)
 ParOldGen       total 299520K, used 185154K [0x0000000081600000, 0x0000000093a80000, 0x00000000d5d00000)
  object space 299520K, 61% used [0x0000000081600000,0x000000008cad0b88,0x0000000093a80000)
 Metaspace       used 17960K, capacity 18187K, committed 18304K, reserved 1064960K
  class space    used 1815K, capacity 1888K, committed 1920K, reserved 1048576K
}
Event: 20.932 GC heap before
{Heap before GC invocations=19 (full 2):
 PSYoungGen      total 416768K, used 369678K [0x00000000d5d00000, 0x00000000f4080000, 0x0000000100000000)
  eden space 354816K, 99% used [0x00000000d5d00000,0x00000000eb5f3858,0x00000000eb780000)
  from space 61952K, 26% used [0x00000000f0400000,0x00000000f1410000,0x00000000f4080000)
  to   space 70144K, 0% used [0x00000000eb780000,0x00000000eb780000,0x00000000efc00000)
 ParOldGen       total 299520K, used 185154K [0x0000000081600000, 0x0000000093a80000, 0x00000000d5d00000)
  object space 299520K, 61% used [0x0000000081600000,0x000000008cad0b88,0x0000000093a80000)
 Metaspace       used 18032K, capacity 18195K, committed 18304K, reserved 1064960K
  class space    used 1815K, capacity 1888K, committed 1920K, reserved 1048576K
Event: 20.953 GC heap after
Heap after GC invocations=19 (full 2):
 PSYoungGen      total 424960K, used 17296K [0x00000000d5d00000, 0x00000000f4d80000, 0x0000000100000000)
  eden space 354816K, 0% used [0x00000000d5d00000,0x00000000d5d00000,0x00000000eb780000)
  from space 70144K, 24% used [0x00000000eb780000,0x00000000ec864010,0x00000000efc00000)
  to   space 67072K, 0% used [0x00000000f0c00000,0x00000000f0c00000,0x00000000f4d80000)
 ParOldGen       total 299520K, used 185162K [0x0000000081600000, 0x0000000093a80000, 0x00000000d5d00000)
  object space 299520K, 61% used [0x0000000081600000,0x000000008cad2b88,0x0000000093a80000)
 Metaspace       used 18032K, capacity 18195K, committed 18304K, reserved 1064960K
  class space    used 1815K, capacity 1888K, committed 1920K, reserved 1048576K
}

