# JRE version: Java(TM) SE Runtime Environment (8.0_31-b13) (build 1.8.0_31-b13)
# Java VM: Java HotSpot(TM) 64-Bit Server VM (25.31-b07 mixed mode windows-amd64 compressed oops)
Heap:
 PSYoungGen      total 482304K, used 341850K [0x00000000d5d00000, 0x00000000f6900000, 0x0000000100000000)
  eden space 454656K, 74% used [0x00000000d5d00000,0x00000000ea7669b8,0x00000000f1900000)
  from space 27648K, 12% used [0x00000000f4e00000,0x00000000f5170020,0x00000000f6900000)
  to   space 40960K, 0% used [0x00000000f1900000,0x00000000f1900000,0x00000000f4100000)
 ParOldGen       total 152064K, used 93970K [0x0000000081600000, 0x000000008aa80000, 0x00000000d5d00000)
  object space 152064K, 61% used [0x0000000081600000,0x00000000871c48d8,0x000000008aa80000)
 Metaspace       used 17800K, capacity 17983K, committed 18048K, reserved 1064960K
  class space    used 1814K, capacity 1886K, committed 1920K, reserved 1048576K
GC Heap History (10 events):
Event: 4.306 GC heap before
{Heap before GC invocations=9 (full 1):
 PSYoungGen      total 172032K, used 149718K [0x00000000d5d00000, 0x00000000e9a80000, 0x0000000100000000)
  eden space 125952K, 99% used [0x00000000d5d00000,0x00000000dd7738a8,0x00000000dd800000)
  from space 46080K, 52% used [0x00000000dd800000,0x00000000defc2120,0x00000000e0500000)
  to   space 45568K, 0% used [0x00000000e6e00000,0x00000000e6e00000,0x00000000e9a80000)
 ParOldGen       total 152064K, used 73008K [0x0000000081600000, 0x000000008aa80000, 0x00000000d5d00000)
  object space 152064K, 48% used [0x0000000081600000,0x0000000085d4c288,0x000000008aa80000)
 Metaspace       used 17716K, capacity 17881K, committed 18048K, reserved 1064960K
  class space    used 1801K, capacity 1853K, committed 1920K, reserved 1048576K
Event: 4.326 GC heap after
Heap after GC invocations=9 (full 1):
 PSYoungGen      total 268288K, used 21784K [0x00000000d5d00000, 0x00000000e9380000, 0x0000000100000000)
  eden space 229888K, 0% used [0x00000000d5d00000,0x00000000d5d00000,0x00000000e3d80000)
  from space 38400K, 56% used [0x00000000e6e00000,0x00000000e8346130,0x00000000e9380000)
  to   space 44032K, 0% used [0x00000000e3d80000,0x00000000e3d80000,0x00000000e6880000)
 ParOldGen       total 152064K, used 73016K [0x0000000081600000, 0x000000008aa80000, 0x00000000d5d00000)
  object space 152064K, 48% used [0x0000000081600000,0x0000000085d4e288,0x000000008aa80000)
 Metaspace       used 17716K, capacity 17881K, committed 18048K, reserved 1064960K
  class space    used 1801K, capacity 1853K, committed 1920K, reserved 1048576K
}
Event: 5.743 GC heap before
{Heap before GC invocations=10 (full 1):
 PSYoungGen      total 268288K, used 250910K [0x00000000d5d00000, 0x00000000e9380000, 0x0000000100000000)
  eden space 229888K, 99% used [0x00000000d5d00000,0x00000000e3cc1990,0x00000000e3d80000)
  from space 38400K, 56% used [0x00000000e6e00000,0x00000000e8346130,0x00000000e9380000)
  to   space 44032K, 0% used [0x00000000e3d80000,0x00000000e3d80000,0x00000000e6880000)
 ParOldGen       total 152064K, used 73016K [0x0000000081600000, 0x000000008aa80000, 0x00000000d5d00000)
  object space 152064K, 48% used [0x0000000081600000,0x0000000085d4e288,0x000000008aa80000)
 Metaspace       used 17729K, capacity 17913K, committed 18048K, reserved 1064960K
  class space    used 1802K, capacity 1885K, committed 1920K, reserved 1048576K
Event: 5.766 GC heap after
Heap after GC invocations=10 (full 1):
 PSYoungGen      total 273920K, used 14676K [0x00000000d5d00000, 0x00000000ef980000, 0x0000000100000000)
  eden space 229888K, 0% used [0x00000000d5d00000,0x00000000d5d00000,0x00000000e3d80000)
  from space 44032K, 33% used [0x00000000e3d80000,0x00000000e4bd5100,0x00000000e6880000)
  to   space 41984K, 0% used [0x00000000ed080000,0x00000000ed080000,0x00000000ef980000)
 ParOldGen       total 152064K, used 82745K [0x0000000081600000, 0x000000008aa80000, 0x00000000d5d00000)
  object space 152064K, 54% used [0x0000000081600000,0x00000000866ce738,0x000000008aa80000)
 Metaspace       used 17729K, capacity 17913K, committed 18048K, reserved 1064960K
  class space    used 1802K, capacity 1885K, committed 1920K, reserved 1048576K
}
Event: 7.210 GC heap before
{Heap before GC invocations=11 (full 1):
 PSYoungGen      total 273920K, used 243719K [0x00000000d5d00000, 0x00000000ef980000, 0x0000000100000000)
  eden space 229888K, 99% used [0x00000000d5d00000,0x00000000e3cacb88,0x00000000e3d80000)
  from space 44032K, 33% used [0x00000000e3d80000,0x00000000e4bd5100,0x00000000e6880000)
  to   space 41984K, 0% used [0x00000000ed080000,0x00000000ed080000,0x00000000ef980000)
 ParOldGen       total 152064K, used 82745K [0x0000000081600000, 0x000000008aa80000, 0x00000000d5d00000)
  object space 152064K, 54% used [0x0000000081600000,0x00000000866ce738,0x000000008aa80000)
 Metaspace       used 17732K, capacity 17913K, committed 18048K, reserved 1064960K
  class space    used 1802K, capacity 1885K, committed 1920K, reserved 1048576K
Event: 7.224 GC heap after
Heap after GC invocations=11 (full 1):
 PSYoungGen      total 367104K, used 3520K [0x00000000d5d00000, 0x00000000ef300000, 0x0000000100000000)
  eden space 331776K, 0% used [0x00000000d5d00000,0x00000000d5d00000,0x00000000ea100000)
  from space 35328K, 9% used [0x00000000ed080000,0x00000000ed3f0020,0x00000000ef300000)
  to   space 41984K, 0% used [0x00000000ea100000,0x00000000ea100000,0x00000000eca00000)
 ParOldGen       total 152064K, used 93890K [0x0000000081600000, 0x000000008aa80000, 0x00000000d5d00000)
  object space 152064K, 61% used [0x0000000081600000,0x00000000871b08d8,0x000000008aa80000)
 Metaspace       used 17732K, capacity 17913K, committed 18048K, reserved 1064960K
  class space    used 1802K, capacity 1885K, committed 1920K, reserved 1048576K
}
Event: 9.341 GC heap before
{Heap before GC invocations=12 (full 1):
 PSYoungGen      total 367104K, used 335169K [0x00000000d5d00000, 0x00000000ef300000, 0x0000000100000000)
  eden space 331776K, 99% used [0x00000000d5d00000,0x00000000ea0e0510,0x00000000ea100000)
  from space 35328K, 9% used [0x00000000ed080000,0x00000000ed3f0020,0x00000000ef300000)
  to   space 41984K, 0% used [0x00000000ea100000,0x00000000ea100000,0x00000000eca00000)
 ParOldGen       total 152064K, used 93890K [0x0000000081600000, 0x000000008aa80000, 0x00000000d5d00000)
  object space 152064K, 61% used [0x0000000081600000,0x00000000871b08d8,0x000000008aa80000)
 Metaspace       used 17741K, capacity 17913K, committed 18048K, reserved 1064960K
  class space    used 1802K, capacity 1885K, committed 1920K, reserved 1048576K
Event: 9.346 GC heap after
Heap after GC invocations=12 (full 1):
 PSYoungGen      total 373760K, used 3488K [0x00000000d5d00000, 0x00000000f7700000, 0x0000000100000000)
  eden space 331776K, 0% used [0x00000000d5d00000,0x00000000d5d00000,0x00000000ea100000)
  from space 41984K, 8% used [0x00000000ea100000,0x00000000ea468020,0x00000000eca00000)
  to   space 41984K, 0% used [0x00000000f4e00000,0x00000000f4e00000,0x00000000f7700000)
 ParOldGen       total 152064K, used 93938K [0x0000000081600000, 0x000000008aa80000, 0x00000000d5d00000)
  object space 152064K, 61% used [0x0000000081600000,0x00000000871bc8d8,0x000000008aa80000)
 Metaspace       used 17741K, capacity 17913K, committed 18048K, reserved 1064960K
  class space    used 1802K, capacity 1885K, committed 1920K, reserved 1048576K
}
Event: 11.442 GC heap before
{Heap before GC invocations=13 (full 1):
 PSYoungGen      total 373760K, used 334672K [0x00000000d5d00000, 0x00000000f7700000, 0x0000000100000000)
  eden space 331776K, 99% used [0x00000000d5d00000,0x00000000ea06c1a0,0x00000000ea100000)
  from space 41984K, 8% used [0x00000000ea100000,0x00000000ea468020,0x00000000eca00000)
  to   space 41984K, 0% used [0x00000000f4e00000,0x00000000f4e00000,0x00000000f7700000)
 ParOldGen       total 152064K, used 93938K [0x0000000081600000, 0x000000008aa80000, 0x00000000d5d00000)
  object space 152064K, 61% used [0x0000000081600000,0x00000000871bc8d8,0x000000008aa80000)
 Metaspace       used 17758K, capacity 17977K, committed 18048K, reserved 1064960K
  class space    used 1802K, capacity 1885K, committed 1920K, reserved 1048576K
Event: 11.446 GC heap after
Heap after GC invocations=13 (full 1):
 PSYoungGen      total 482304K, used 3520K [0x00000000d5d00000, 0x00000000f6900000, 0x0000000100000000)
  eden space 454656K, 0% used [0x00000000d5d00000,0x00000000d5d00000,0x00000000f1900000)
  from space 27648K, 12% used [0x00000000f4e00000,0x00000000f5170020,0x00000000f6900000)
  to   space 40960K, 0% used [0x00000000f1900000,0x00000000f1900000,0x00000000f4100000)
 ParOldGen       total 152064K, used 93970K [0x0000000081600000, 0x000000008aa80000, 0x00000000d5d00000)
  object space 152064K, 61% used [0x0000000081600000,0x00000000871c48d8,0x000000008aa80000)
 Metaspace       used 17758K, capacity 17977K, committed 18048K, reserved 1064960K
  class space    used 1802K, capacity 1885K, committed 1920K, reserved 1048576K
}

