# JRE version: Java(TM) SE Runtime Environment (8.0_31-b13) (build 1.8.0_31-b13)
# Java VM: Java HotSpot(TM) 64-Bit Server VM (25.31-b07 mixed mode windows-amd64 compressed oops)
Heap:
 PSYoungGen      total 183296K, used 110336K [0x00000000d5d00000, 0x00000000efe00000, 0x0000000100000000)
  eden space 113664K, 64% used [0x00000000d5d00000,0x00000000da450d78,0x00000000dcc00000)
  from space 69632K, 53% used [0x00000000dcc00000,0x00000000df06f610,0x00000000e1000000)
  to   space 106496K, 0% used [0x00000000e9600000,0x00000000e9600000,0x00000000efe00000)
 ParOldGen       total 271872K, used 163895K [0x0000000081600000, 0x0000000091f80000, 0x00000000d5d00000)
  object space 271872K, 60% used [0x0000000081600000,0x000000008b60dd08,0x0000000091f80000)
 Metaspace       used 17687K, capacity 17867K, committed 18048K, reserved 1064960K
  class space    used 1818K, capacity 1888K, committed 1920K, reserved 1048576K
GC Heap History (10 events):
Event: 2.422 GC heap before
{Heap before GC invocations=5 (full 0):
 PSYoungGen      total 71680K, used 71569K [0x00000000d5d00000, 0x00000000da800000, 0x0000000100000000)
  eden space 66560K, 100% used [0x00000000d5d00000,0x00000000d9e00000,0x00000000d9e00000)
  from space 5120K, 97% used [0x00000000da300000,0x00000000da7e4798,0x00000000da800000)
  to   space 5120K, 0% used [0x00000000d9e00000,0x00000000d9e00000,0x00000000da300000)
 ParOldGen       total 87552K, used 9083K [0x0000000081600000, 0x0000000086b80000, 0x00000000d5d00000)
  object space 87552K, 10% used [0x0000000081600000,0x0000000081edee28,0x0000000086b80000)
 Metaspace       used 17507K, capacity 17685K, committed 17792K, reserved 1064960K
  class space    used 1798K, capacity 1853K, committed 1920K, reserved 1048576K
Event: 2.491 GC heap after
Heap after GC invocations=5 (full 0):
 PSYoungGen      total 71680K, used 5104K [0x00000000d5d00000, 0x00000000e4100000, 0x0000000100000000)
  eden space 66560K, 0% used [0x00000000d5d00000,0x00000000d5d00000,0x00000000d9e00000)
  from space 5120K, 99% used [0x00000000d9e00000,0x00000000da2fc060,0x00000000da300000)
  to   space 50176K, 0% used [0x00000000e1000000,0x00000000e1000000,0x00000000e4100000)
 ParOldGen       total 87552K, used 74545K [0x0000000081600000, 0x0000000086b80000, 0x00000000d5d00000)
  object space 87552K, 85% used [0x0000000081600000,0x0000000085ecc608,0x0000000086b80000)
 Metaspace       used 17507K, capacity 17685K, committed 17792K, reserved 1064960K
  class space    used 1798K, capacity 1853K, committed 1920K, reserved 1048576K
}
Event: 2.491 GC heap before
{Heap before GC invocations=6 (full 1):
 PSYoungGen      total 71680K, used 5104K [0x00000000d5d00000, 0x00000000e4100000, 0x0000000100000000)
  eden space 66560K, 0% used [0x00000000d5d00000,0x00000000d5d00000,0x00000000d9e00000)
  from space 5120K, 99% used [0x00000000d9e00000,0x00000000da2fc060,0x00000000da300000)
  to   space 50176K, 0% used [0x00000000e1000000,0x00000000e1000000,0x00000000e4100000)
 ParOldGen       total 87552K, used 74545K [0x0000000081600000, 0x0000000086b80000, 0x00000000d5d00000)
  object space 87552K, 85% used [0x0000000081600000,0x0000000085ecc608,0x0000000086b80000)
 Metaspace       used 17507K, capacity 17685K, committed 17792K, reserved 1064960K
  class space    used 1798K, capacity 1853K, committed 1920K, reserved 1048576K
Event: 2.570 GC heap after
Heap after GC invocations=6 (full 1):
 PSYoungGen      total 71680K, used 0K [0x00000000d5d00000, 0x00000000e4100000, 0x0000000100000000)
  eden space 66560K, 0% used [0x00000000d5d00000,0x00000000d5d00000,0x00000000d9e00000)
  from space 5120K, 0% used [0x00000000d9e00000,0x00000000d9e00000,0x00000000da300000)
  to   space 50176K, 0% used [0x00000000e1000000,0x00000000e1000000,0x00000000e4100000)
 ParOldGen       total 164352K, used 78524K [0x0000000081600000, 0x000000008b680000, 0x00000000d5d00000)
  object space 164352K, 47% used [0x0000000081600000,0x00000000862af370,0x000000008b680000)
 Metaspace       used 17505K, capacity 17683K, committed 17792K, reserved 1064960K
  class space    used 1798K, capacity 1852K, committed 1920K, reserved 1048576K
}
Event: 2.653 GC heap before
{Heap before GC invocations=7 (full 1):
 PSYoungGen      total 71680K, used 66560K [0x00000000d5d00000, 0x00000000e4100000, 0x0000000100000000)
  eden space 66560K, 100% used [0x00000000d5d00000,0x00000000d9e00000,0x00000000d9e00000)
  from space 5120K, 0% used [0x00000000d9e00000,0x00000000d9e00000,0x00000000da300000)
  to   space 50176K, 0% used [0x00000000e1000000,0x00000000e1000000,0x00000000e4100000)
 ParOldGen       total 164352K, used 78524K [0x0000000081600000, 0x000000008b680000, 0x00000000d5d00000)
  object space 164352K, 47% used [0x0000000081600000,0x00000000862af370,0x000000008b680000)
 Metaspace       used 17517K, capacity 17683K, committed 17792K, reserved 1064960K
  class space    used 1798K, capacity 1852K, committed 1920K, reserved 1048576K
Event: 2.729 GC heap after
Heap after GC invocations=7 (full 1):
 PSYoungGen      total 163840K, used 50144K [0x00000000d5d00000, 0x00000000e6100000, 0x0000000100000000)
  eden space 113664K, 0% used [0x00000000d5d00000,0x00000000d5d00000,0x00000000dcc00000)
  from space 50176K, 99% used [0x00000000e1000000,0x00000000e40f8010,0x00000000e4100000)
  to   space 69632K, 0% used [0x00000000dcc00000,0x00000000dcc00000,0x00000000e1000000)
 ParOldGen       total 164352K, used 90132K [0x0000000081600000, 0x000000008b680000, 0x00000000d5d00000)
  object space 164352K, 54% used [0x0000000081600000,0x0000000086e05370,0x000000008b680000)
 Metaspace       used 17517K, capacity 17683K, committed 17792K, reserved 1064960K
  class space    used 1798K, capacity 1852K, committed 1920K, reserved 1048576K
}
Event: 4.026 GC heap before
{Heap before GC invocations=8 (full 1):
 PSYoungGen      total 163840K, used 163808K [0x00000000d5d00000, 0x00000000e6100000, 0x0000000100000000)
  eden space 113664K, 100% used [0x00000000d5d00000,0x00000000dcc00000,0x00000000dcc00000)
  from space 50176K, 99% used [0x00000000e1000000,0x00000000e40f8010,0x00000000e4100000)
  to   space 69632K, 0% used [0x00000000dcc00000,0x00000000dcc00000,0x00000000e1000000)
 ParOldGen       total 164352K, used 90132K [0x0000000081600000, 0x000000008b680000, 0x00000000d5d00000)
  object space 164352K, 54% used [0x0000000081600000,0x0000000086e05370,0x000000008b680000)
 Metaspace       used 17612K, capacity 17747K, committed 18048K, reserved 1064960K
  class space    used 1802K, capacity 1852K, committed 1920K, reserved 1048576K
Event: 4.135 GC heap after
Heap after GC invocations=8 (full 1):
 PSYoungGen      total 183296K, used 69608K [0x00000000d5d00000, 0x00000000efe00000, 0x0000000100000000)
  eden space 113664K, 0% used [0x00000000d5d00000,0x00000000d5d00000,0x00000000dcc00000)
  from space 69632K, 99% used [0x00000000dcc00000,0x00000000e0ffa030,0x00000000e1000000)
  to   space 106496K, 0% used [0x00000000e9600000,0x00000000e9600000,0x00000000efe00000)
 ParOldGen       total 164352K, used 132068K [0x0000000081600000, 0x000000008b680000, 0x00000000d5d00000)
  object space 164352K, 80% used [0x0000000081600000,0x00000000896f9370,0x000000008b680000)
 Metaspace       used 17612K, capacity 17747K, committed 18048K, reserved 1064960K
  class space    used 1802K, capacity 1852K, committed 1920K, reserved 1048576K
}
Event: 4.135 GC heap before
{Heap before GC invocations=9 (full 2):
 PSYoungGen      total 183296K, used 69608K [0x00000000d5d00000, 0x00000000efe00000, 0x0000000100000000)
  eden space 113664K, 0% used [0x00000000d5d00000,0x00000000d5d00000,0x00000000dcc00000)
  from space 69632K, 99% used [0x00000000dcc00000,0x00000000e0ffa030,0x00000000e1000000)
  to   space 106496K, 0% used [0x00000000e9600000,0x00000000e9600000,0x00000000efe00000)
 ParOldGen       total 164352K, used 132068K [0x0000000081600000, 0x000000008b680000, 0x00000000d5d00000)
  object space 164352K, 80% used [0x0000000081600000,0x00000000896f9370,0x000000008b680000)
 Metaspace       used 17612K, capacity 17747K, committed 18048K, reserved 1064960K
  class space    used 1802K, capacity 1852K, committed 1920K, reserved 1048576K
Event: 4.978 GC heap after
Heap after GC invocations=9 (full 2):
 PSYoungGen      total 183296K, used 37309K [0x00000000d5d00000, 0x00000000efe00000, 0x0000000100000000)
  eden space 113664K, 0% used [0x00000000d5d00000,0x00000000d5d00000,0x00000000dcc00000)
  from space 69632K, 53% used [0x00000000dcc00000,0x00000000df06f610,0x00000000e1000000)
  to   space 106496K, 0% used [0x00000000e9600000,0x00000000e9600000,0x00000000efe00000)
 ParOldGen       total 271872K, used 163895K [0x0000000081600000, 0x0000000091f80000, 0x00000000d5d00000)
  object space 271872K, 60% used [0x0000000081600000,0x000000008b60dd08,0x0000000091f80000)
 Metaspace       used 17612K, capacity 17747K, committed 18048K, reserved 1064960K
  class space    used 1802K, capacity 1852K, committed 1920K, reserved 1048576K
}

