# JRE version: Java(TM) SE Runtime Environment (8.0_31-b13) (build 1.8.0_31-b13)
# Java VM: Java HotSpot(TM) 64-Bit Server VM (25.31-b07 mixed mode windows-amd64 compressed oops)
Heap:
 PSYoungGen      total 183296K, used 56604K [0x00000000d5d00000, 0x00000000e9e80000, 0x0000000100000000)
  eden space 166400K, 23% used [0x00000000d5d00000,0x00000000d83ef380,0x00000000dff80000)
  from space 16896K, 99% used [0x00000000e8e00000,0x00000000e9e58010,0x00000000e9e80000)
  to   space 70656K, 0% used [0x00000000e1480000,0x00000000e1480000,0x00000000e5980000)
 ParOldGen       total 281088K, used 157800K [0x0000000081600000, 0x0000000092880000, 0x00000000d5d00000)
  object space 281088K, 56% used [0x0000000081600000,0x000000008b01a2d0,0x0000000092880000)
 Metaspace       used 17686K, capacity 17881K, committed 18048K, reserved 1064960K
  class space    used 1817K, capacity 1889K, committed 1920K, reserved 1048576K
GC Heap History (10 events):
Event: 2.451 GC heap before
{Heap before GC invocations=6 (full 1):
 PSYoungGen      total 71680K, used 5104K [0x00000000d5d00000, 0x00000000e2f00000, 0x0000000100000000)
  eden space 66560K, 0% used [0x00000000d5d00000,0x00000000d5d00000,0x00000000d9e00000)
  from space 5120K, 99% used [0x00000000d9e00000,0x00000000da2fc080,0x00000000da300000)
  to   space 40960K, 0% used [0x00000000e0700000,0x00000000e0700000,0x00000000e2f00000)
 ParOldGen       total 87552K, used 70814K [0x0000000081600000, 0x0000000086b80000, 0x00000000d5d00000)
  object space 87552K, 80% used [0x0000000081600000,0x0000000085b279e0,0x0000000086b80000)
 Metaspace       used 17496K, capacity 17597K, committed 17792K, reserved 1064960K
  class space    used 1798K, capacity 1821K, committed 1920K, reserved 1048576K
Event: 2.501 GC heap after
Heap after GC invocations=6 (full 1):
 PSYoungGen      total 71680K, used 0K [0x00000000d5d00000, 0x00000000e2f00000, 0x0000000100000000)
  eden space 66560K, 0% used [0x00000000d5d00000,0x00000000d5d00000,0x00000000d9e00000)
  from space 5120K, 0% used [0x00000000d9e00000,0x00000000d9e00000,0x00000000da300000)
  to   space 40960K, 0% used [0x00000000e0700000,0x00000000e0700000,0x00000000e2f00000)
 ParOldGen       total 158208K, used 75258K [0x0000000081600000, 0x000000008b080000, 0x00000000d5d00000)
  object space 158208K, 47% used [0x0000000081600000,0x0000000085f7e8f0,0x000000008b080000)
 Metaspace       used 17494K, capacity 17595K, committed 17792K, reserved 1064960K
  class space    used 1797K, capacity 1820K, committed 1920K, reserved 1048576K
}
Event: 2.581 GC heap before
{Heap before GC invocations=7 (full 1):
 PSYoungGen      total 71680K, used 65751K [0x00000000d5d00000, 0x00000000e2f00000, 0x0000000100000000)
  eden space 66560K, 98% used [0x00000000d5d00000,0x00000000d9d35f98,0x00000000d9e00000)
  from space 5120K, 0% used [0x00000000d9e00000,0x00000000d9e00000,0x00000000da300000)
  to   space 40960K, 0% used [0x00000000e0700000,0x00000000e0700000,0x00000000e2f00000)
 ParOldGen       total 158208K, used 75258K [0x0000000081600000, 0x000000008b080000, 0x00000000d5d00000)
  object space 158208K, 47% used [0x0000000081600000,0x0000000085f7e8f0,0x000000008b080000)
 Metaspace       used 17507K, capacity 17691K, committed 17792K, reserved 1064960K
  class space    used 1798K, capacity 1852K, committed 1920K, reserved 1048576K
Event: 2.602 GC heap after
Heap after GC invocations=7 (full 1):
 PSYoungGen      total 150528K, used 15728K [0x00000000d5d00000, 0x00000000e1f80000, 0x0000000100000000)
  eden space 125440K, 0% used [0x00000000d5d00000,0x00000000d5d00000,0x00000000dd780000)
  from space 25088K, 62% used [0x00000000e0700000,0x00000000e165c020,0x00000000e1f80000)
  to   space 36864K, 0% used [0x00000000dd780000,0x00000000dd780000,0x00000000dfb80000)
 ParOldGen       total 158208K, used 75258K [0x0000000081600000, 0x000000008b080000, 0x00000000d5d00000)
  object space 158208K, 47% used [0x0000000081600000,0x0000000085f7e8f0,0x000000008b080000)
 Metaspace       used 17507K, capacity 17691K, committed 17792K, reserved 1064960K
  class space    used 1798K, capacity 1852K, committed 1920K, reserved 1048576K
}
Event: 2.886 GC heap before
{Heap before GC invocations=8 (full 1):
 PSYoungGen      total 150528K, used 140918K [0x00000000d5d00000, 0x00000000e1f80000, 0x0000000100000000)
  eden space 125440K, 99% used [0x00000000d5d00000,0x00000000dd741b00,0x00000000dd780000)
  from space 25088K, 62% used [0x00000000e0700000,0x00000000e165c020,0x00000000e1f80000)
  to   space 36864K, 0% used [0x00000000dd780000,0x00000000dd780000,0x00000000dfb80000)
 ParOldGen       total 158208K, used 75258K [0x0000000081600000, 0x000000008b080000, 0x00000000d5d00000)
  object space 158208K, 47% used [0x0000000081600000,0x0000000085f7e8f0,0x000000008b080000)
 Metaspace       used 17535K, capacity 17691K, committed 17792K, reserved 1064960K
  class space    used 1798K, capacity 1852K, committed 1920K, reserved 1048576K
Event: 2.985 GC heap after
Heap after GC invocations=8 (full 1):
 PSYoungGen      total 162304K, used 36832K [0x00000000d5d00000, 0x00000000ed680000, 0x0000000100000000)
  eden space 125440K, 0% used [0x00000000d5d00000,0x00000000d5d00000,0x00000000dd780000)
  from space 36864K, 99% used [0x00000000dd780000,0x00000000dfb78020,0x00000000dfb80000)
  to   space 74240K, 0% used [0x00000000e8e00000,0x00000000e8e00000,0x00000000ed680000)
 ParOldGen       total 158208K, used 133850K [0x0000000081600000, 0x000000008b080000, 0x00000000d5d00000)
  object space 158208K, 84% used [0x0000000081600000,0x00000000898b68f0,0x000000008b080000)
 Metaspace       used 17535K, capacity 17691K, committed 17792K, reserved 1064960K
  class space    used 1798K, capacity 1852K, committed 1920K, reserved 1048576K
}
Event: 2.985 GC heap before
{Heap before GC invocations=9 (full 2):
 PSYoungGen      total 162304K, used 36832K [0x00000000d5d00000, 0x00000000ed680000, 0x0000000100000000)
  eden space 125440K, 0% used [0x00000000d5d00000,0x00000000d5d00000,0x00000000dd780000)
  from space 36864K, 99% used [0x00000000dd780000,0x00000000dfb78020,0x00000000dfb80000)
  to   space 74240K, 0% used [0x00000000e8e00000,0x00000000e8e00000,0x00000000ed680000)
 ParOldGen       total 158208K, used 133850K [0x0000000081600000, 0x000000008b080000, 0x00000000d5d00000)
  object space 158208K, 84% used [0x0000000081600000,0x00000000898b68f0,0x000000008b080000)
 Metaspace       used 17535K, capacity 17691K, committed 17792K, reserved 1064960K
  class space    used 1798K, capacity 1852K, committed 1920K, reserved 1048576K
Event: 3.561 GC heap after
Heap after GC invocations=9 (full 2):
 PSYoungGen      total 162304K, used 11727K [0x00000000d5d00000, 0x00000000ed680000, 0x0000000100000000)
  eden space 125440K, 0% used [0x00000000d5d00000,0x00000000d5d00000,0x00000000dd780000)
  from space 36864K, 31% used [0x00000000dd780000,0x00000000de2f3df8,0x00000000dfb80000)
  to   space 74240K, 0% used [0x00000000e8e00000,0x00000000e8e00000,0x00000000ed680000)
 ParOldGen       total 281088K, used 157800K [0x0000000081600000, 0x0000000092880000, 0x00000000d5d00000)
  object space 281088K, 56% used [0x0000000081600000,0x000000008b01a2d0,0x0000000092880000)
 Metaspace       used 17535K, capacity 17691K, committed 17792K, reserved 1064960K
  class space    used 1798K, capacity 1852K, committed 1920K, reserved 1048576K
}
Event: 4.701 GC heap before
{Heap before GC invocations=10 (full 2):
 PSYoungGen      total 162304K, used 137167K [0x00000000d5d00000, 0x00000000ed680000, 0x0000000100000000)
  eden space 125440K, 100% used [0x00000000d5d00000,0x00000000dd780000,0x00000000dd780000)
  from space 36864K, 31% used [0x00000000dd780000,0x00000000de2f3df8,0x00000000dfb80000)
  to   space 74240K, 0% used [0x00000000e8e00000,0x00000000e8e00000,0x00000000ed680000)
 ParOldGen       total 281088K, used 157800K [0x0000000081600000, 0x0000000092880000, 0x00000000d5d00000)
  object space 281088K, 56% used [0x0000000081600000,0x000000008b01a2d0,0x0000000092880000)
 Metaspace       used 17622K, capacity 17767K, committed 18048K, reserved 1064960K
  class space    used 1803K, capacity 1854K, committed 1920K, reserved 1048576K
Event: 4.740 GC heap after
Heap after GC invocations=10 (full 2):
 PSYoungGen      total 183296K, used 16736K [0x00000000d5d00000, 0x00000000e9e80000, 0x0000000100000000)
  eden space 166400K, 0% used [0x00000000d5d00000,0x00000000d5d00000,0x00000000dff80000)
  from space 16896K, 99% used [0x00000000e8e00000,0x00000000e9e58010,0x00000000e9e80000)
  to   space 70656K, 0% used [0x00000000e1480000,0x00000000e1480000,0x00000000e5980000)
 ParOldGen       total 281088K, used 157800K [0x0000000081600000, 0x0000000092880000, 0x00000000d5d00000)
  object space 281088K, 56% used [0x0000000081600000,0x000000008b01a2d0,0x0000000092880000)
 Metaspace       used 17622K, capacity 17767K, committed 18048K, reserved 1064960K
  class space    used 1803K, capacity 1854K, committed 1920K, reserved 1048576K
}

