# JRE version: Java(TM) SE Runtime Environment (8.0_31-b13) (build 1.8.0_31-b13)
# Java VM: Java HotSpot(TM) 64-Bit Server VM (25.31-b07 mixed mode windows-amd64 compressed oops)
Heap:
 PSYoungGen      total 136704K, used 24299K [0x00000000d5d00000, 0x00000000e6000000, 0x0000000100000000)
  eden space 122880K, 8% used [0x00000000d5d00000,0x00000000d6752d90,0x00000000dd500000)
  from space 13824K, 99% used [0x00000000e5280000,0x00000000e5fe8020,0x00000000e6000000)
  to   space 68608K, 0% used [0x00000000dda00000,0x00000000dda00000,0x00000000e1d00000)
 ParOldGen       total 275456K, used 159100K [0x0000000081600000, 0x0000000092300000, 0x00000000d5d00000)
  object space 275456K, 57% used [0x0000000081600000,0x000000008b15f0f8,0x0000000092300000)
 Metaspace       used 17651K, capacity 17789K, committed 18048K, reserved 1064960K
  class space    used 1815K, capacity 1885K, committed 1920K, reserved 1048576K
GC Heap History (10 events):
Event: 4.805 GC heap before
{Heap before GC invocations=6 (full 0):
 PSYoungGen      total 71680K, used 71584K [0x00000000d5d00000, 0x00000000deb00000, 0x0000000100000000)
  eden space 66560K, 100% used [0x00000000d5d00000,0x00000000d9e00000,0x00000000d9e00000)
  from space 5120K, 98% used [0x00000000d9e00000,0x00000000da2e8070,0x00000000da300000)
  to   space 6144K, 0% used [0x00000000de500000,0x00000000de500000,0x00000000deb00000)
 ParOldGen       total 87552K, used 8888K [0x0000000081600000, 0x0000000086b80000, 0x00000000d5d00000)
  object space 87552K, 10% used [0x0000000081600000,0x0000000081eae328,0x0000000086b80000)
 Metaspace       used 17504K, capacity 17689K, committed 17792K, reserved 1064960K
  class space    used 1799K, capacity 1853K, committed 1920K, reserved 1048576K
Event: 4.888 GC heap after
Heap after GC invocations=6 (full 0):
 PSYoungGen      total 102400K, used 6128K [0x00000000d5d00000, 0x00000000e3300000, 0x0000000100000000)
  eden space 96256K, 0% used [0x00000000d5d00000,0x00000000d5d00000,0x00000000dbb00000)
  from space 6144K, 99% used [0x00000000de500000,0x00000000deafc040,0x00000000deb00000)
  to   space 43008K, 0% used [0x00000000dbb00000,0x00000000dbb00000,0x00000000de500000)
 ParOldGen       total 87552K, used 73489K [0x0000000081600000, 0x0000000086b80000, 0x00000000d5d00000)
  object space 87552K, 83% used [0x0000000081600000,0x0000000085dc4410,0x0000000086b80000)
 Metaspace       used 17504K, capacity 17689K, committed 17792K, reserved 1064960K
  class space    used 1799K, capacity 1853K, committed 1920K, reserved 1048576K
}
Event: 4.888 GC heap before
{Heap before GC invocations=7 (full 1):
 PSYoungGen      total 102400K, used 6128K [0x00000000d5d00000, 0x00000000e3300000, 0x0000000100000000)
  eden space 96256K, 0% used [0x00000000d5d00000,0x00000000d5d00000,0x00000000dbb00000)
  from space 6144K, 99% used [0x00000000de500000,0x00000000deafc040,0x00000000deb00000)
  to   space 43008K, 0% used [0x00000000dbb00000,0x00000000dbb00000,0x00000000de500000)
 ParOldGen       total 87552K, used 73489K [0x0000000081600000, 0x0000000086b80000, 0x00000000d5d00000)
  object space 87552K, 83% used [0x0000000081600000,0x0000000085dc4410,0x0000000086b80000)
 Metaspace       used 17504K, capacity 17689K, committed 17792K, reserved 1064960K
  class space    used 1799K, capacity 1853K, committed 1920K, reserved 1048576K
Event: 5.043 GC heap after
Heap after GC invocations=7 (full 1):
 PSYoungGen      total 102400K, used 0K [0x00000000d5d00000, 0x00000000e3300000, 0x0000000100000000)
  eden space 96256K, 0% used [0x00000000d5d00000,0x00000000d5d00000,0x00000000dbb00000)
  from space 6144K, 0% used [0x00000000de500000,0x00000000de500000,0x00000000deb00000)
  to   space 43008K, 0% used [0x00000000dbb00000,0x00000000dbb00000,0x00000000de500000)
 ParOldGen       total 159232K, used 78750K [0x0000000081600000, 0x000000008b180000, 0x00000000d5d00000)
  object space 159232K, 49% used [0x0000000081600000,0x00000000862e7a70,0x000000008b180000)
 Metaspace       used 17503K, capacity 17687K, committed 17792K, reserved 1064960K
  class space    used 1798K, capacity 1852K, committed 1920K, reserved 1048576K
}
Event: 5.265 GC heap before
{Heap before GC invocations=8 (full 1):
 PSYoungGen      total 102400K, used 96256K [0x00000000d5d00000, 0x00000000e3300000, 0x0000000100000000)
  eden space 96256K, 100% used [0x00000000d5d00000,0x00000000dbb00000,0x00000000dbb00000)
  from space 6144K, 0% used [0x00000000de500000,0x00000000de500000,0x00000000deb00000)
  to   space 43008K, 0% used [0x00000000dbb00000,0x00000000dbb00000,0x00000000de500000)
 ParOldGen       total 159232K, used 78750K [0x0000000081600000, 0x000000008b180000, 0x00000000d5d00000)
  object space 159232K, 49% used [0x0000000081600000,0x00000000862e7a70,0x000000008b180000)
 Metaspace       used 17515K, capacity 17687K, committed 17792K, reserved 1064960K
  class space    used 1798K, capacity 1852K, committed 1920K, reserved 1048576K
Event: 5.423 GC heap after
Heap after GC invocations=8 (full 1):
 PSYoungGen      total 139264K, used 42976K [0x00000000d5d00000, 0x00000000e9900000, 0x0000000100000000)
  eden space 96256K, 0% used [0x00000000d5d00000,0x00000000d5d00000,0x00000000dbb00000)
  from space 43008K, 99% used [0x00000000dbb00000,0x00000000de4f8010,0x00000000de500000)
  to   space 72192K, 0% used [0x00000000e5280000,0x00000000e5280000,0x00000000e9900000)
 ParOldGen       total 159232K, used 117422K [0x0000000081600000, 0x000000008b180000, 0x00000000d5d00000)
  object space 159232K, 73% used [0x0000000081600000,0x00000000888aba70,0x000000008b180000)
 Metaspace       used 17515K, capacity 17687K, committed 17792K, reserved 1064960K
  class space    used 1798K, capacity 1852K, committed 1920K, reserved 1048576K
}
Event: 5.423 GC heap before
{Heap before GC invocations=9 (full 2):
 PSYoungGen      total 139264K, used 42976K [0x00000000d5d00000, 0x00000000e9900000, 0x0000000100000000)
  eden space 96256K, 0% used [0x00000000d5d00000,0x00000000d5d00000,0x00000000dbb00000)
  from space 43008K, 99% used [0x00000000dbb00000,0x00000000de4f8010,0x00000000de500000)
  to   space 72192K, 0% used [0x00000000e5280000,0x00000000e5280000,0x00000000e9900000)
 ParOldGen       total 159232K, used 117422K [0x0000000081600000, 0x000000008b180000, 0x00000000d5d00000)
  object space 159232K, 73% used [0x0000000081600000,0x00000000888aba70,0x000000008b180000)
 Metaspace       used 17515K, capacity 17687K, committed 17792K, reserved 1064960K
  class space    used 1798K, capacity 1852K, committed 1920K, reserved 1048576K
Event: 6.433 GC heap after
Heap after GC invocations=9 (full 2):
 PSYoungGen      total 139264K, used 990K [0x00000000d5d00000, 0x00000000e9900000, 0x0000000100000000)
  eden space 96256K, 0% used [0x00000000d5d00000,0x00000000d5d00000,0x00000000dbb00000)
  from space 43008K, 2% used [0x00000000dbb00000,0x00000000dbbf7a58,0x00000000de500000)
  to   space 72192K, 0% used [0x00000000e5280000,0x00000000e5280000,0x00000000e9900000)
 ParOldGen       total 275456K, used 159092K [0x0000000081600000, 0x0000000092300000, 0x00000000d5d00000)
  object space 275456K, 57% used [0x0000000081600000,0x000000008b15d0f8,0x0000000092300000)
 Metaspace       used 17515K, capacity 17687K, committed 17792K, reserved 1064960K
  class space    used 1798K, capacity 1852K, committed 1920K, reserved 1048576K
}
Event: 8.777 GC heap before
{Heap before GC invocations=10 (full 2):
 PSYoungGen      total 139264K, used 97246K [0x00000000d5d00000, 0x00000000e9900000, 0x0000000100000000)
  eden space 96256K, 100% used [0x00000000d5d00000,0x00000000dbb00000,0x00000000dbb00000)
  from space 43008K, 2% used [0x00000000dbb00000,0x00000000dbbf7a58,0x00000000de500000)
  to   space 72192K, 0% used [0x00000000e5280000,0x00000000e5280000,0x00000000e9900000)
 ParOldGen       total 275456K, used 159092K [0x0000000081600000, 0x0000000092300000, 0x00000000d5d00000)
  object space 275456K, 57% used [0x0000000081600000,0x000000008b15d0f8,0x0000000092300000)
 Metaspace       used 17651K, capacity 17789K, committed 18048K, reserved 1064960K
  class space    used 1815K, capacity 1885K, committed 1920K, reserved 1048576K
Event: 8.822 GC heap after
Heap after GC invocations=10 (full 2):
 PSYoungGen      total 136704K, used 13728K [0x00000000d5d00000, 0x00000000e6000000, 0x0000000100000000)
  eden space 122880K, 0% used [0x00000000d5d00000,0x00000000d5d00000,0x00000000dd500000)
  from space 13824K, 99% used [0x00000000e5280000,0x00000000e5fe8020,0x00000000e6000000)
  to   space 68608K, 0% used [0x00000000dda00000,0x00000000dda00000,0x00000000e1d00000)
 ParOldGen       total 275456K, used 159100K [0x0000000081600000, 0x0000000092300000, 0x00000000d5d00000)
  object space 275456K, 57% used [0x0000000081600000,0x000000008b15f0f8,0x0000000092300000)
 Metaspace       used 17651K, capacity 17789K, committed 18048K, reserved 1064960K
  class space    used 1815K, capacity 1885K, committed 1920K, reserved 1048576K
}

