# JRE version: Java(TM) SE Runtime Environment (8.0_31-b13) (build 1.8.0_31-b13)
# Java VM: Java HotSpot(TM) 64-Bit Server VM (25.31-b07 mixed mode windows-amd64 compressed oops)
Heap:
 PSYoungGen      total 276992K, used 135005K [0x00000000d5d00000, 0x00000000eff80000, 0x0000000100000000)
  eden space 227328K, 52% used [0x00000000d5d00000,0x00000000dd262a68,0x00000000e3b00000)
  from space 49664K, 29% used [0x00000000e9180000,0x00000000e9ff4be8,0x00000000ec200000)
  to   space 88576K, 0% used [0x00000000e3b00000,0x00000000e3b00000,0x00000000e9180000)
 ParOldGen       total 268288K, used 150489K [0x0000000081600000, 0x0000000091c00000, 0x00000000d5d00000)
  object space 268288K, 56% used [0x0000000081600000,0x000000008a8f6650,0x0000000091c00000)
 Metaspace       used 17701K, capacity 17869K, committed 18048K, reserved 1064960K
  class space    used 1815K, capacity 1887K, committed 1920K, reserved 1048576K
GC Heap History (10 events):
Event: 4.196 GC heap before
{Heap before GC invocations=4 (full 0):
 PSYoungGen      total 71680K, used 71664K [0x00000000d5d00000, 0x00000000de900000, 0x0000000100000000)
  eden space 66560K, 100% used [0x00000000d5d00000,0x00000000d9e00000,0x00000000d9e00000)
  from space 5120K, 99% used [0x00000000d9e00000,0x00000000da2fc050,0x00000000da300000)
  to   space 5120K, 0% used [0x00000000de400000,0x00000000de400000,0x00000000de900000)
 ParOldGen       total 87552K, used 800K [0x0000000081600000, 0x0000000086b80000, 0x00000000d5d00000)
  object space 87552K, 0% used [0x0000000081600000,0x00000000816c81e8,0x0000000086b80000)
 Metaspace       used 17373K, capacity 17533K, committed 17792K, reserved 1064960K
  class space    used 1782K, capacity 1821K, committed 1920K, reserved 1048576K
Event: 4.221 GC heap after
Heap after GC invocations=4 (full 0):
 PSYoungGen      total 138240K, used 4944K [0x00000000d5d00000, 0x00000000de900000, 0x0000000100000000)
  eden space 133120K, 0% used [0x00000000d5d00000,0x00000000d5d00000,0x00000000ddf00000)
  from space 5120K, 96% used [0x00000000de400000,0x00000000de8d4050,0x00000000de900000)
  to   space 5120K, 0% used [0x00000000ddf00000,0x00000000ddf00000,0x00000000de400000)
 ParOldGen       total 87552K, used 808K [0x0000000081600000, 0x0000000086b80000, 0x00000000d5d00000)
  object space 87552K, 0% used [0x0000000081600000,0x00000000816ca1e8,0x0000000086b80000)
 Metaspace       used 17373K, capacity 17533K, committed 17792K, reserved 1064960K
  class space    used 1782K, capacity 1821K, committed 1920K, reserved 1048576K
}
Event: 4.439 GC heap before
{Heap before GC invocations=5 (full 0):
 PSYoungGen      total 138240K, used 137959K [0x00000000d5d00000, 0x00000000de900000, 0x0000000100000000)
  eden space 133120K, 99% used [0x00000000d5d00000,0x00000000ddee5f00,0x00000000ddf00000)
  from space 5120K, 96% used [0x00000000de400000,0x00000000de8d4050,0x00000000de900000)
  to   space 5120K, 0% used [0x00000000ddf00000,0x00000000ddf00000,0x00000000de400000)
 ParOldGen       total 87552K, used 808K [0x0000000081600000, 0x0000000086b80000, 0x00000000d5d00000)
  object space 87552K, 0% used [0x0000000081600000,0x00000000816ca1e8,0x0000000086b80000)
 Metaspace       used 17470K, capacity 17597K, committed 17792K, reserved 1064960K
  class space    used 1788K, capacity 1821K, committed 1920K, reserved 1048576K
Event: 4.483 GC heap after
Heap after GC invocations=5 (full 0):
 PSYoungGen      total 138240K, used 5108K [0x00000000d5d00000, 0x00000000ec200000, 0x0000000100000000)
  eden space 133120K, 0% used [0x00000000d5d00000,0x00000000d5d00000,0x00000000ddf00000)
  from space 5120K, 99% used [0x00000000ddf00000,0x00000000de3fd060,0x00000000de400000)
  to   space 49664K, 0% used [0x00000000e9180000,0x00000000e9180000,0x00000000ec200000)
 ParOldGen       total 87552K, used 65188K [0x0000000081600000, 0x0000000086b80000, 0x00000000d5d00000)
  object space 87552K, 74% used [0x0000000081600000,0x00000000855a9158,0x0000000086b80000)
 Metaspace       used 17470K, capacity 17597K, committed 17792K, reserved 1064960K
  class space    used 1788K, capacity 1821K, committed 1920K, reserved 1048576K
}
Event: 4.483 GC heap before
{Heap before GC invocations=6 (full 1):
 PSYoungGen      total 138240K, used 5108K [0x00000000d5d00000, 0x00000000ec200000, 0x0000000100000000)
  eden space 133120K, 0% used [0x00000000d5d00000,0x00000000d5d00000,0x00000000ddf00000)
  from space 5120K, 99% used [0x00000000ddf00000,0x00000000de3fd060,0x00000000de400000)
  to   space 49664K, 0% used [0x00000000e9180000,0x00000000e9180000,0x00000000ec200000)
 ParOldGen       total 87552K, used 65188K [0x0000000081600000, 0x0000000086b80000, 0x00000000d5d00000)
  object space 87552K, 74% used [0x0000000081600000,0x00000000855a9158,0x0000000086b80000)
 Metaspace       used 17470K, capacity 17597K, committed 17792K, reserved 1064960K
  class space    used 1788K, capacity 1821K, committed 1920K, reserved 1048576K
Event: 4.572 GC heap after
Heap after GC invocations=6 (full 1):
 PSYoungGen      total 138240K, used 0K [0x00000000d5d00000, 0x00000000ec200000, 0x0000000100000000)
  eden space 133120K, 0% used [0x00000000d5d00000,0x00000000d5d00000,0x00000000ddf00000)
  from space 5120K, 0% used [0x00000000ddf00000,0x00000000ddf00000,0x00000000de400000)
  to   space 49664K, 0% used [0x00000000e9180000,0x00000000e9180000,0x00000000ec200000)
 ParOldGen       total 150528K, used 69417K [0x0000000081600000, 0x000000008a900000, 0x00000000d5d00000)
  object space 150528K, 46% used [0x0000000081600000,0x00000000859ca560,0x000000008a900000)
 Metaspace       used 17469K, capacity 17595K, committed 17792K, reserved 1064960K
  class space    used 1787K, capacity 1820K, committed 1920K, reserved 1048576K
}
Event: 5.724 GC heap before
{Heap before GC invocations=7 (full 1):
 PSYoungGen      total 138240K, used 132295K [0x00000000d5d00000, 0x00000000ec200000, 0x0000000100000000)
  eden space 133120K, 99% used [0x00000000d5d00000,0x00000000dde31c10,0x00000000ddf00000)
  from space 5120K, 0% used [0x00000000ddf00000,0x00000000ddf00000,0x00000000de400000)
  to   space 49664K, 0% used [0x00000000e9180000,0x00000000e9180000,0x00000000ec200000)
 ParOldGen       total 150528K, used 69417K [0x0000000081600000, 0x000000008a900000, 0x00000000d5d00000)
  object space 150528K, 46% used [0x0000000081600000,0x00000000859ca560,0x000000008a900000)
 Metaspace       used 17575K, capacity 17755K, committed 18048K, reserved 1064960K
  class space    used 1799K, capacity 1852K, committed 1920K, reserved 1048576K
Event: 5.875 GC heap after
Heap after GC invocations=7 (full 1):
 PSYoungGen      total 276992K, used 49640K [0x00000000d5d00000, 0x00000000eff80000, 0x0000000100000000)
  eden space 227328K, 0% used [0x00000000d5d00000,0x00000000d5d00000,0x00000000e3b00000)
  from space 49664K, 99% used [0x00000000e9180000,0x00000000ec1fa0a0,0x00000000ec200000)
  to   space 88576K, 0% used [0x00000000e3b00000,0x00000000e3b00000,0x00000000e9180000)
 ParOldGen       total 150528K, used 115930K [0x0000000081600000, 0x000000008a900000, 0x00000000d5d00000)
  object space 150528K, 77% used [0x0000000081600000,0x0000000088736bb8,0x000000008a900000)
 Metaspace       used 17575K, capacity 17755K, committed 18048K, reserved 1064960K
  class space    used 1799K, capacity 1852K, committed 1920K, reserved 1048576K
}
Event: 5.876 GC heap before
{Heap before GC invocations=8 (full 2):
 PSYoungGen      total 276992K, used 49640K [0x00000000d5d00000, 0x00000000eff80000, 0x0000000100000000)
  eden space 227328K, 0% used [0x00000000d5d00000,0x00000000d5d00000,0x00000000e3b00000)
  from space 49664K, 99% used [0x00000000e9180000,0x00000000ec1fa0a0,0x00000000ec200000)
  to   space 88576K, 0% used [0x00000000e3b00000,0x00000000e3b00000,0x00000000e9180000)
 ParOldGen       total 150528K, used 115930K [0x0000000081600000, 0x000000008a900000, 0x00000000d5d00000)
  object space 150528K, 77% used [0x0000000081600000,0x0000000088736bb8,0x000000008a900000)
 Metaspace       used 17575K, capacity 17755K, committed 18048K, reserved 1064960K
  class space    used 1799K, capacity 1852K, committed 1920K, reserved 1048576K
Event: 6.943 GC heap after
Heap after GC invocations=8 (full 2):
 PSYoungGen      total 276992K, used 14802K [0x00000000d5d00000, 0x00000000eff80000, 0x0000000100000000)
  eden space 227328K, 0% used [0x00000000d5d00000,0x00000000d5d00000,0x00000000e3b00000)
  from space 49664K, 29% used [0x00000000e9180000,0x00000000e9ff4be8,0x00000000ec200000)
  to   space 88576K, 0% used [0x00000000e3b00000,0x00000000e3b00000,0x00000000e9180000)
 ParOldGen       total 268288K, used 150489K [0x0000000081600000, 0x0000000091c00000, 0x00000000d5d00000)
  object space 268288K, 56% used [0x0000000081600000,0x000000008a8f6650,0x0000000091c00000)
 Metaspace       used 17575K, capacity 17755K, committed 18048K, reserved 1064960K
  class space    used 1799K, capacity 1852K, committed 1920K, reserved 1048576K
}

