# JRE version: Java(TM) SE Runtime Environment (8.0_31-b13) (build 1.8.0_31-b13)
# Java VM: Java HotSpot(TM) 64-Bit Server VM (25.31-b07 mixed mode windows-amd64 compressed oops)
Heap:
 PSYoungGen      total 216576K, used 142361K [0x00000000d5d00000, 0x00000000e7e80000, 0x0000000100000000)
  eden space 161280K, 84% used [0x00000000d5d00000,0x00000000de21a528,0x00000000dfa80000)
  from space 55296K, 10% used [0x00000000dfa80000,0x00000000e006c020,0x00000000e3080000)
  to   space 53248K, 0% used [0x00000000e4a80000,0x00000000e4a80000,0x00000000e7e80000)
 ParOldGen       total 311808K, used 196193K [0x0000000081600000, 0x0000000094680000, 0x00000000d5d00000)
  object space 311808K, 62% used [0x0000000081600000,0x000000008d5984f0,0x0000000094680000)
 Metaspace       used 17763K, capacity 17941K, committed 18048K, reserved 1064960K
  class space    used 1817K, capacity 1889K, committed 1920K, reserved 1048576K
GC Heap History (10 events):
Event: 2.820 GC heap before
{Heap before GC invocations=6 (full 1):
 PSYoungGen      total 138240K, used 126206K [0x00000000d5d00000, 0x00000000de900000, 0x0000000100000000)
  eden space 133120K, 94% used [0x00000000d5d00000,0x00000000dd83fa18,0x00000000ddf00000)
  from space 5120K, 0% used [0x00000000de400000,0x00000000de400000,0x00000000de900000)
  to   space 5120K, 0% used [0x00000000ddf00000,0x00000000ddf00000,0x00000000de400000)
 ParOldGen       total 177152K, used 79835K [0x0000000081600000, 0x000000008c300000, 0x00000000d5d00000)
  object space 177152K, 45% used [0x0000000081600000,0x00000000863f6fd0,0x000000008c300000)
 Metaspace       used 17529K, capacity 17687K, committed 17792K, reserved 1064960K
  class space    used 1801K, capacity 1852K, committed 1920K, reserved 1048576K
Event: 2.952 GC heap after
Heap after GC invocations=6 (full 1):
 PSYoungGen      total 138240K, used 126206K [0x00000000d5d00000, 0x00000000de900000, 0x0000000100000000)
  eden space 133120K, 94% used [0x00000000d5d00000,0x00000000dd83fa18,0x00000000ddf00000)
  from space 5120K, 0% used [0x00000000de400000,0x00000000de400000,0x00000000de900000)
  to   space 5120K, 99% used [0x00000000ddf00000,0x00000000de3f8010,0x00000000de400000)
 ParOldGen       total 185856K, used 185823K [0x0000000081600000, 0x000000008cb80000, 0x00000000d5d00000)
  object space 185856K, 99% used [0x0000000081600000,0x000000008cb77fe0,0x000000008cb80000)
 Metaspace       used 17529K, capacity 17687K, committed 17792K, reserved 1064960K
  class space    used 1801K, capacity 1852K, committed 1920K, reserved 1048576K
}
Event: 2.952 GC heap before
{Heap before GC invocations=7 (full 2):
 PSYoungGen      total 138240K, used 126206K [0x00000000d5d00000, 0x00000000de900000, 0x0000000100000000)
  eden space 133120K, 94% used [0x00000000d5d00000,0x00000000dd83fa18,0x00000000ddf00000)
  from space 5120K, 0% used [0x00000000de400000,0x00000000de400000,0x00000000de900000)
  to   space 5120K, 99% used [0x00000000ddf00000,0x00000000de3f8010,0x00000000de400000)
 ParOldGen       total 185856K, used 185823K [0x0000000081600000, 0x000000008cb80000, 0x00000000d5d00000)
  object space 185856K, 99% used [0x0000000081600000,0x000000008cb77fe0,0x000000008cb80000)
 Metaspace       used 17529K, capacity 17687K, committed 17792K, reserved 1064960K
  class space    used 1801K, capacity 1852K, committed 1920K, reserved 1048576K
Event: 4.114 GC heap after
Heap after GC invocations=7 (full 2):
 PSYoungGen      total 138240K, used 7313K [0x00000000d5d00000, 0x00000000de900000, 0x0000000100000000)
  eden space 133120K, 5% used [0x00000000d5d00000,0x00000000d6424750,0x00000000ddf00000)
  from space 5120K, 0% used [0x00000000de400000,0x00000000de400000,0x00000000de900000)
  to   space 5120K, 0% used [0x00000000ddf00000,0x00000000ddf00000,0x00000000de400000)
 ParOldGen       total 311808K, used 185761K [0x0000000081600000, 0x0000000094680000, 0x00000000d5d00000)
  object space 311808K, 59% used [0x0000000081600000,0x000000008cb684d0,0x0000000094680000)
 Metaspace       used 17529K, capacity 17687K, committed 17792K, reserved 1064960K
  class space    used 1801K, capacity 1852K, committed 1920K, reserved 1048576K
}
Event: 5.487 GC heap before
{Heap before GC invocations=8 (full 2):
 PSYoungGen      total 138240K, used 133120K [0x00000000d5d00000, 0x00000000de900000, 0x0000000100000000)
  eden space 133120K, 100% used [0x00000000d5d00000,0x00000000ddf00000,0x00000000ddf00000)
  from space 5120K, 0% used [0x00000000de400000,0x00000000de400000,0x00000000de900000)
  to   space 5120K, 0% used [0x00000000ddf00000,0x00000000ddf00000,0x00000000de400000)
 ParOldGen       total 311808K, used 185761K [0x0000000081600000, 0x0000000094680000, 0x00000000d5d00000)
  object space 311808K, 59% used [0x0000000081600000,0x000000008cb684d0,0x0000000094680000)
 Metaspace       used 17621K, capacity 17763K, committed 18048K, reserved 1064960K
  class space    used 1804K, capacity 1854K, committed 1920K, reserved 1048576K
Event: 5.521 GC heap after
Heap after GC invocations=8 (full 2):
 PSYoungGen      total 138240K, used 5088K [0x00000000d5d00000, 0x00000000e6e80000, 0x0000000100000000)
  eden space 133120K, 0% used [0x00000000d5d00000,0x00000000d5d00000,0x00000000ddf00000)
  from space 5120K, 99% used [0x00000000ddf00000,0x00000000de3f8010,0x00000000de400000)
  to   space 56320K, 0% used [0x00000000e3780000,0x00000000e3780000,0x00000000e6e80000)
 ParOldGen       total 311808K, used 196185K [0x0000000081600000, 0x0000000094680000, 0x00000000d5d00000)
  object space 311808K, 62% used [0x0000000081600000,0x000000008d5964f0,0x0000000094680000)
 Metaspace       used 17621K, capacity 17763K, committed 18048K, reserved 1064960K
  class space    used 1804K, capacity 1854K, committed 1920K, reserved 1048576K
}
Event: 6.579 GC heap before
{Heap before GC invocations=9 (full 2):
 PSYoungGen      total 138240K, used 136783K [0x00000000d5d00000, 0x00000000e6e80000, 0x0000000100000000)
  eden space 133120K, 98% used [0x00000000d5d00000,0x00000000ddd9bfe0,0x00000000ddf00000)
  from space 5120K, 99% used [0x00000000ddf00000,0x00000000de3f8010,0x00000000de400000)
  to   space 56320K, 0% used [0x00000000e3780000,0x00000000e3780000,0x00000000e6e80000)
 ParOldGen       total 311808K, used 196185K [0x0000000081600000, 0x0000000094680000, 0x00000000d5d00000)
  object space 311808K, 62% used [0x0000000081600000,0x000000008d5964f0,0x0000000094680000)
 Metaspace       used 17696K, capacity 17877K, committed 18048K, reserved 1064960K
  class space    used 1817K, capacity 1889K, committed 1920K, reserved 1048576K
Event: 6.590 GC heap after
Heap after GC invocations=9 (full 2):
 PSYoungGen      total 209408K, used 5280K [0x00000000d5d00000, 0x00000000e6680000, 0x0000000100000000)
  eden space 161280K, 0% used [0x00000000d5d00000,0x00000000d5d00000,0x00000000dfa80000)
  from space 48128K, 10% used [0x00000000e3780000,0x00000000e3ca8010,0x00000000e6680000)
  to   space 55296K, 0% used [0x00000000dfa80000,0x00000000dfa80000,0x00000000e3080000)
 ParOldGen       total 311808K, used 196185K [0x0000000081600000, 0x0000000094680000, 0x00000000d5d00000)
  object space 311808K, 62% used [0x0000000081600000,0x000000008d5964f0,0x0000000094680000)
 Metaspace       used 17696K, capacity 17877K, committed 18048K, reserved 1064960K
  class space    used 1817K, capacity 1889K, committed 1920K, reserved 1048576K
}
Event: 7.153 GC heap before
{Heap before GC invocations=10 (full 2):
 PSYoungGen      total 209408K, used 164490K [0x00000000d5d00000, 0x00000000e6680000, 0x0000000100000000)
  eden space 161280K, 98% used [0x00000000d5d00000,0x00000000df87aa00,0x00000000dfa80000)
  from space 48128K, 10% used [0x00000000e3780000,0x00000000e3ca8010,0x00000000e6680000)
  to   space 55296K, 0% used [0x00000000dfa80000,0x00000000dfa80000,0x00000000e3080000)
 ParOldGen       total 311808K, used 196185K [0x0000000081600000, 0x0000000094680000, 0x00000000d5d00000)
  object space 311808K, 62% used [0x0000000081600000,0x000000008d5964f0,0x0000000094680000)
 Metaspace       used 17746K, capacity 17941K, committed 18048K, reserved 1064960K
  class space    used 1817K, capacity 1889K, committed 1920K, reserved 1048576K
Event: 7.165 GC heap after
Heap after GC invocations=10 (full 2):
 PSYoungGen      total 216576K, used 6064K [0x00000000d5d00000, 0x00000000e7e80000, 0x0000000100000000)
  eden space 161280K, 0% used [0x00000000d5d00000,0x00000000d5d00000,0x00000000dfa80000)
  from space 55296K, 10% used [0x00000000dfa80000,0x00000000e006c020,0x00000000e3080000)
  to   space 53248K, 0% used [0x00000000e4a80000,0x00000000e4a80000,0x00000000e7e80000)
 ParOldGen       total 311808K, used 196193K [0x0000000081600000, 0x0000000094680000, 0x00000000d5d00000)
  object space 311808K, 62% used [0x0000000081600000,0x000000008d5984f0,0x0000000094680000)
 Metaspace       used 17746K, capacity 17941K, committed 18048K, reserved 1064960K
  class space    used 1817K, capacity 1889K, committed 1920K, reserved 1048576K
}

