# JRE version: Java(TM) SE Runtime Environment (8.0_31-b13) (build 1.8.0_31-b13)
# Java VM: Java HotSpot(TM) 64-Bit Server VM (25.31-b07 mixed mode windows-amd64 compressed oops)
Heap:
 PSYoungGen      total 138240K, used 120363K [0x00000000d5d00000, 0x00000000ef900000, 0x0000000100000000)
  eden space 133120K, 87% used [0x00000000d5d00000,0x00000000dce95210,0x00000000ddf00000)
  from space 5120K, 79% used [0x00000000ddf00000,0x00000000de2f5d58,0x00000000de400000)
  to   space 77824K, 0% used [0x00000000ead00000,0x00000000ead00000,0x00000000ef900000)
 ParOldGen       total 259072K, used 124890K [0x0000000081600000, 0x0000000091300000, 0x00000000d5d00000)
  object space 259072K, 48% used [0x0000000081600000,0x0000000088ff69a0,0x0000000091300000)
 Metaspace       used 17582K, capacity 17747K, committed 18048K, reserved 1064960K
  class space    used 1800K, capacity 1852K, committed 1920K, reserved 1048576K
GC Heap History (10 events):
Event: 2.084 GC heap before
{Heap before GC invocations=2 (full 0):
 PSYoungGen      total 38400K, used 38386K [0x00000000d5d00000, 0x00000000da800000, 0x0000000100000000)
  eden space 33280K, 100% used [0x00000000d5d00000,0x00000000d7d80000,0x00000000d7d80000)
  from space 5120K, 99% used [0x00000000d7d80000,0x00000000d827c8b0,0x00000000d8280000)
  to   space 5120K, 0% used [0x00000000da300000,0x00000000da300000,0x00000000da800000)
 ParOldGen       total 87552K, used 270K [0x0000000081600000, 0x0000000086b80000, 0x00000000d5d00000)
  object space 87552K, 0% used [0x0000000081600000,0x00000000816439f0,0x0000000086b80000)
 Metaspace       used 17357K, capacity 17525K, committed 17792K, reserved 1064960K
  class space    used 1782K, capacity 1821K, committed 1920K, reserved 1048576K
Event: 2.094 GC heap after
Heap after GC invocations=2 (full 0):
 PSYoungGen      total 71680K, used 5089K [0x00000000d5d00000, 0x00000000da800000, 0x0000000100000000)
  eden space 66560K, 0% used [0x00000000d5d00000,0x00000000d5d00000,0x00000000d9e00000)
  from space 5120K, 99% used [0x00000000da300000,0x00000000da7f87b8,0x00000000da800000)
  to   space 5120K, 0% used [0x00000000d9e00000,0x00000000d9e00000,0x00000000da300000)
 ParOldGen       total 87552K, used 598K [0x0000000081600000, 0x0000000086b80000, 0x00000000d5d00000)
  object space 87552K, 0% used [0x0000000081600000,0x0000000081695a80,0x0000000086b80000)
 Metaspace       used 17357K, capacity 17525K, committed 17792K, reserved 1064960K
  class space    used 1782K, capacity 1821K, committed 1920K, reserved 1048576K
}
Event: 2.138 GC heap before
{Heap before GC invocations=3 (full 0):
 PSYoungGen      total 71680K, used 71649K [0x00000000d5d00000, 0x00000000da800000, 0x0000000100000000)
  eden space 66560K, 100% used [0x00000000d5d00000,0x00000000d9e00000,0x00000000d9e00000)
  from space 5120K, 99% used [0x00000000da300000,0x00000000da7f87b8,0x00000000da800000)
  to   space 5120K, 0% used [0x00000000d9e00000,0x00000000d9e00000,0x00000000da300000)
 ParOldGen       total 87552K, used 598K [0x0000000081600000, 0x0000000086b80000, 0x00000000d5d00000)
  object space 87552K, 0% used [0x0000000081600000,0x0000000081695a80,0x0000000086b80000)
 Metaspace       used 17361K, capacity 17525K, committed 17792K, reserved 1064960K
  class space    used 1782K, capacity 1821K, committed 1920K, reserved 1048576K
Event: 2.148 GC heap after
Heap after GC invocations=3 (full 0):
 PSYoungGen      total 71680K, used 5105K [0x00000000d5d00000, 0x00000000de900000, 0x0000000100000000)
  eden space 66560K, 0% used [0x00000000d5d00000,0x00000000d5d00000,0x00000000d9e00000)
  from space 5120K, 99% used [0x00000000d9e00000,0x00000000da2fc798,0x00000000da300000)
  to   space 5120K, 0% used [0x00000000de400000,0x00000000de400000,0x00000000de900000)
 ParOldGen       total 87552K, used 630K [0x0000000081600000, 0x0000000086b80000, 0x00000000d5d00000)
  object space 87552K, 0% used [0x0000000081600000,0x000000008169da80,0x0000000086b80000)
 Metaspace       used 17361K, capacity 17525K, committed 17792K, reserved 1064960K
  class space    used 1782K, capacity 1821K, committed 1920K, reserved 1048576K
}
Event: 2.232 GC heap before
{Heap before GC invocations=4 (full 0):
 PSYoungGen      total 71680K, used 67102K [0x00000000d5d00000, 0x00000000de900000, 0x0000000100000000)
  eden space 66560K, 93% used [0x00000000d5d00000,0x00000000d998b3b8,0x00000000d9e00000)
  from space 5120K, 99% used [0x00000000d9e00000,0x00000000da2fc798,0x00000000da300000)
  to   space 5120K, 0% used [0x00000000de400000,0x00000000de400000,0x00000000de900000)
 ParOldGen       total 87552K, used 630K [0x0000000081600000, 0x0000000086b80000, 0x00000000d5d00000)
  object space 87552K, 0% used [0x0000000081600000,0x000000008169da80,0x0000000086b80000)
 Metaspace       used 17460K, capacity 17589K, committed 17792K, reserved 1064960K
  class space    used 1788K, capacity 1821K, committed 1920K, reserved 1048576K
Event: 2.260 GC heap after
Heap after GC invocations=4 (full 0):
 PSYoungGen      total 138240K, used 4992K [0x00000000d5d00000, 0x00000000de900000, 0x0000000100000000)
  eden space 133120K, 0% used [0x00000000d5d00000,0x00000000d5d00000,0x00000000ddf00000)
  from space 5120K, 97% used [0x00000000de400000,0x00000000de8e0070,0x00000000de900000)
  to   space 5120K, 0% used [0x00000000ddf00000,0x00000000ddf00000,0x00000000de400000)
 ParOldGen       total 87552K, used 18863K [0x0000000081600000, 0x0000000086b80000, 0x00000000d5d00000)
  object space 87552K, 21% used [0x0000000081600000,0x000000008286beb0,0x0000000086b80000)
 Metaspace       used 17460K, capacity 17589K, committed 17792K, reserved 1064960K
  class space    used 1788K, capacity 1821K, committed 1920K, reserved 1048576K
}
Event: 2.549 GC heap before
{Heap before GC invocations=5 (full 0):
 PSYoungGen      total 138240K, used 138112K [0x00000000d5d00000, 0x00000000de900000, 0x0000000100000000)
  eden space 133120K, 100% used [0x00000000d5d00000,0x00000000ddf00000,0x00000000ddf00000)
  from space 5120K, 97% used [0x00000000de400000,0x00000000de8e0070,0x00000000de900000)
  to   space 5120K, 0% used [0x00000000ddf00000,0x00000000ddf00000,0x00000000de400000)
 ParOldGen       total 87552K, used 18863K [0x0000000081600000, 0x0000000086b80000, 0x00000000d5d00000)
  object space 87552K, 21% used [0x0000000081600000,0x000000008286beb0,0x0000000086b80000)
 Metaspace       used 17541K, capacity 17685K, committed 17792K, reserved 1064960K
  class space    used 1797K, capacity 1853K, committed 1920K, reserved 1048576K
Event: 2.624 GC heap after
Heap after GC invocations=5 (full 0):
 PSYoungGen      total 138240K, used 5104K [0x00000000d5d00000, 0x00000000ef900000, 0x0000000100000000)
  eden space 133120K, 0% used [0x00000000d5d00000,0x00000000d5d00000,0x00000000ddf00000)
  from space 5120K, 99% used [0x00000000ddf00000,0x00000000de3fc040,0x00000000de400000)
  to   space 77824K, 0% used [0x00000000ead00000,0x00000000ead00000,0x00000000ef900000)
 ParOldGen       total 124928K, used 124738K [0x0000000081600000, 0x0000000089000000, 0x00000000d5d00000)
  object space 124928K, 99% used [0x0000000081600000,0x0000000088fd0a58,0x0000000089000000)
 Metaspace       used 17541K, capacity 17685K, committed 17792K, reserved 1064960K
  class space    used 1797K, capacity 1853K, committed 1920K, reserved 1048576K
}
Event: 2.624 GC heap before
{Heap before GC invocations=6 (full 1):
 PSYoungGen      total 138240K, used 5104K [0x00000000d5d00000, 0x00000000ef900000, 0x0000000100000000)
  eden space 133120K, 0% used [0x00000000d5d00000,0x00000000d5d00000,0x00000000ddf00000)
  from space 5120K, 99% used [0x00000000ddf00000,0x00000000de3fc040,0x00000000de400000)
  to   space 77824K, 0% used [0x00000000ead00000,0x00000000ead00000,0x00000000ef900000)
 ParOldGen       total 124928K, used 124738K [0x0000000081600000, 0x0000000089000000, 0x00000000d5d00000)
  object space 124928K, 99% used [0x0000000081600000,0x0000000088fd0a58,0x0000000089000000)
 Metaspace       used 17541K, capacity 17685K, committed 17792K, reserved 1064960K
  class space    used 1797K, capacity 1853K, committed 1920K, reserved 1048576K
Event: 3.151 GC heap after
Heap after GC invocations=6 (full 1):
 PSYoungGen      total 138240K, used 4055K [0x00000000d5d00000, 0x00000000ef900000, 0x0000000100000000)
  eden space 133120K, 0% used [0x00000000d5d00000,0x00000000d5d00000,0x00000000ddf00000)
  from space 5120K, 79% used [0x00000000ddf00000,0x00000000de2f5d58,0x00000000de400000)
  to   space 77824K, 0% used [0x00000000ead00000,0x00000000ead00000,0x00000000ef900000)
 ParOldGen       total 259072K, used 124890K [0x0000000081600000, 0x0000000091300000, 0x00000000d5d00000)
  object space 259072K, 48% used [0x0000000081600000,0x0000000088ff69a0,0x0000000091300000)
 Metaspace       used 17539K, capacity 17683K, committed 17792K, reserved 1064960K
  class space    used 1797K, capacity 1852K, committed 1920K, reserved 1048576K
}

