# JRE version: Java(TM) SE Runtime Environment (8.0_31-b13) (build 1.8.0_31-b13)
# Java VM: Java HotSpot(TM) 64-Bit Server VM (25.31-b07 mixed mode windows-amd64 compressed oops)
Heap:
 PSYoungGen      total 199168K, used 66672K [0x00000000d5d00000, 0x00000000ed680000, 0x0000000100000000)
  eden space 172544K, 23% used [0x00000000d5d00000,0x00000000d8470fc0,0x00000000e0580000)
  from space 26624K, 98% used [0x00000000ebc80000,0x00000000ed62b070,0x00000000ed680000)
  to   space 99840K, 0% used [0x00000000e1380000,0x00000000e1380000,0x00000000e7500000)
 ParOldGen       total 335360K, used 170749K [0x0000000081600000, 0x0000000095d80000, 0x00000000d5d00000)
  object space 335360K, 50% used [0x0000000081600000,0x000000008bcbf510,0x0000000095d80000)
 Metaspace       used 17637K, capacity 17785K, committed 18048K, reserved 1064960K
  class space    used 1817K, capacity 1885K, committed 1920K, reserved 1048576K
GC Heap History (10 events):
Event: 1.949 GC heap before
{Heap before GC invocations=4 (full 0):
 PSYoungGen      total 71680K, used 70752K [0x00000000d5d00000, 0x00000000de900000, 0x0000000100000000)
  eden space 66560K, 98% used [0x00000000d5d00000,0x00000000d9d38218,0x00000000d9e00000)
  from space 5120K, 97% used [0x00000000d9e00000,0x00000000da2e0070,0x00000000da300000)
  to   space 5120K, 0% used [0x00000000de400000,0x00000000de400000,0x00000000de900000)
 ParOldGen       total 87552K, used 518K [0x0000000081600000, 0x0000000086b80000, 0x00000000d5d00000)
  object space 87552K, 0% used [0x0000000081600000,0x0000000081681b70,0x0000000086b80000)
 Metaspace       used 17413K, capacity 17525K, committed 17792K, reserved 1064960K
  class space    used 1790K, capacity 1821K, committed 1920K, reserved 1048576K
Event: 2.009 GC heap after
Heap after GC invocations=4 (full 0):
 PSYoungGen      total 138240K, used 5108K [0x00000000d5d00000, 0x00000000de900000, 0x0000000100000000)
  eden space 133120K, 0% used [0x00000000d5d00000,0x00000000d5d00000,0x00000000ddf00000)
  from space 5120K, 99% used [0x00000000de400000,0x00000000de8fd080,0x00000000de900000)
  to   space 5120K, 0% used [0x00000000ddf00000,0x00000000ddf00000,0x00000000de400000)
 ParOldGen       total 87552K, used 65938K [0x0000000081600000, 0x0000000086b80000, 0x00000000d5d00000)
  object space 87552K, 75% used [0x0000000081600000,0x0000000085664808,0x0000000086b80000)
 Metaspace       used 17413K, capacity 17525K, committed 17792K, reserved 1064960K
  class space    used 1790K, capacity 1821K, committed 1920K, reserved 1048576K
}
Event: 2.009 GC heap before
{Heap before GC invocations=5 (full 1):
 PSYoungGen      total 138240K, used 5108K [0x00000000d5d00000, 0x00000000de900000, 0x0000000100000000)
  eden space 133120K, 0% used [0x00000000d5d00000,0x00000000d5d00000,0x00000000ddf00000)
  from space 5120K, 99% used [0x00000000de400000,0x00000000de8fd080,0x00000000de900000)
  to   space 5120K, 0% used [0x00000000ddf00000,0x00000000ddf00000,0x00000000de400000)
 ParOldGen       total 87552K, used 65938K [0x0000000081600000, 0x0000000086b80000, 0x00000000d5d00000)
  object space 87552K, 75% used [0x0000000081600000,0x0000000085664808,0x0000000086b80000)
 Metaspace       used 17413K, capacity 17525K, committed 17792K, reserved 1064960K
  class space    used 1790K, capacity 1821K, committed 1920K, reserved 1048576K
Event: 2.061 GC heap after
Heap after GC invocations=5 (full 1):
 PSYoungGen      total 138240K, used 0K [0x00000000d5d00000, 0x00000000de900000, 0x0000000100000000)
  eden space 133120K, 0% used [0x00000000d5d00000,0x00000000d5d00000,0x00000000ddf00000)
  from space 5120K, 0% used [0x00000000de400000,0x00000000de400000,0x00000000de900000)
  to   space 5120K, 0% used [0x00000000ddf00000,0x00000000ddf00000,0x00000000de400000)
 ParOldGen       total 161280K, used 70429K [0x0000000081600000, 0x000000008b380000, 0x00000000d5d00000)
  object space 161280K, 43% used [0x0000000081600000,0x0000000085ac7680,0x000000008b380000)
 Metaspace       used 17411K, capacity 17523K, committed 17792K, reserved 1064960K
  class space    used 1789K, capacity 1820K, committed 1920K, reserved 1048576K
}
Event: 2.363 GC heap before
{Heap before GC invocations=6 (full 1):
 PSYoungGen      total 138240K, used 131626K [0x00000000d5d00000, 0x00000000de900000, 0x0000000100000000)
  eden space 133120K, 98% used [0x00000000d5d00000,0x00000000ddd8a8a8,0x00000000ddf00000)
  from space 5120K, 0% used [0x00000000de400000,0x00000000de400000,0x00000000de900000)
  to   space 5120K, 0% used [0x00000000ddf00000,0x00000000ddf00000,0x00000000de400000)
 ParOldGen       total 161280K, used 70429K [0x0000000081600000, 0x000000008b380000, 0x00000000d5d00000)
  object space 161280K, 43% used [0x0000000081600000,0x0000000085ac7680,0x000000008b380000)
 Metaspace       used 17486K, capacity 17619K, committed 17792K, reserved 1064960K
  class space    used 1799K, capacity 1852K, committed 1920K, reserved 1048576K
Event: 2.454 GC heap after
Heap after GC invocations=6 (full 1):
 PSYoungGen      total 138240K, used 5092K [0x00000000d5d00000, 0x00000000f2600000, 0x0000000100000000)
  eden space 133120K, 0% used [0x00000000d5d00000,0x00000000d5d00000,0x00000000ddf00000)
  from space 5120K, 99% used [0x00000000ddf00000,0x00000000de3f9060,0x00000000de400000)
  to   space 108032K, 0% used [0x00000000ebc80000,0x00000000ebc80000,0x00000000f2600000)
 ParOldGen       total 171008K, used 170164K [0x0000000081600000, 0x000000008bd00000, 0x00000000d5d00000)
  object space 171008K, 99% used [0x0000000081600000,0x000000008bc2d228,0x000000008bd00000)
 Metaspace       used 17486K, capacity 17619K, committed 17792K, reserved 1064960K
  class space    used 1799K, capacity 1852K, committed 1920K, reserved 1048576K
}
Event: 2.454 GC heap before
{Heap before GC invocations=7 (full 2):
 PSYoungGen      total 138240K, used 5092K [0x00000000d5d00000, 0x00000000f2600000, 0x0000000100000000)
  eden space 133120K, 0% used [0x00000000d5d00000,0x00000000d5d00000,0x00000000ddf00000)
  from space 5120K, 99% used [0x00000000ddf00000,0x00000000de3f9060,0x00000000de400000)
  to   space 108032K, 0% used [0x00000000ebc80000,0x00000000ebc80000,0x00000000f2600000)
 ParOldGen       total 171008K, used 170164K [0x0000000081600000, 0x000000008bd00000, 0x00000000d5d00000)
  object space 171008K, 99% used [0x0000000081600000,0x000000008bc2d228,0x000000008bd00000)
 Metaspace       used 17486K, capacity 17619K, committed 17792K, reserved 1064960K
  class space    used 1799K, capacity 1852K, committed 1920K, reserved 1048576K
Event: 3.529 GC heap after
Heap after GC invocations=7 (full 2):
 PSYoungGen      total 138240K, used 2979K [0x00000000d5d00000, 0x00000000f2600000, 0x0000000100000000)
  eden space 133120K, 0% used [0x00000000d5d00000,0x00000000d5d00000,0x00000000ddf00000)
  from space 5120K, 58% used [0x00000000ddf00000,0x00000000de1e8f30,0x00000000de400000)
  to   space 108032K, 0% used [0x00000000ebc80000,0x00000000ebc80000,0x00000000f2600000)
 ParOldGen       total 335360K, used 170749K [0x0000000081600000, 0x0000000095d80000, 0x00000000d5d00000)
  object space 335360K, 50% used [0x0000000081600000,0x000000008bcbf510,0x0000000095d80000)
 Metaspace       used 17486K, capacity 17619K, committed 17792K, reserved 1064960K
  class space    used 1799K, capacity 1852K, committed 1920K, reserved 1048576K
}
Event: 4.884 GC heap before
{Heap before GC invocations=8 (full 2):
 PSYoungGen      total 138240K, used 135917K [0x00000000d5d00000, 0x00000000f2600000, 0x0000000100000000)
  eden space 133120K, 99% used [0x00000000d5d00000,0x00000000dded2760,0x00000000ddf00000)
  from space 5120K, 58% used [0x00000000ddf00000,0x00000000de1e8f30,0x00000000de400000)
  to   space 108032K, 0% used [0x00000000ebc80000,0x00000000ebc80000,0x00000000f2600000)
 ParOldGen       total 335360K, used 170749K [0x0000000081600000, 0x0000000095d80000, 0x00000000d5d00000)
  object space 335360K, 50% used [0x0000000081600000,0x000000008bcbf510,0x0000000095d80000)
 Metaspace       used 17579K, capacity 17747K, committed 18048K, reserved 1064960K
  class space    used 1803K, capacity 1852K, committed 1920K, reserved 1048576K
Event: 4.921 GC heap after
Heap after GC invocations=8 (full 2):
 PSYoungGen      total 199168K, used 26284K [0x00000000d5d00000, 0x00000000ed680000, 0x0000000100000000)
  eden space 172544K, 0% used [0x00000000d5d00000,0x00000000d5d00000,0x00000000e0580000)
  from space 26624K, 98% used [0x00000000ebc80000,0x00000000ed62b070,0x00000000ed680000)
  to   space 99840K, 0% used [0x00000000e1380000,0x00000000e1380000,0x00000000e7500000)
 ParOldGen       total 335360K, used 170749K [0x0000000081600000, 0x0000000095d80000, 0x00000000d5d00000)
  object space 335360K, 50% used [0x0000000081600000,0x000000008bcbf510,0x0000000095d80000)
 Metaspace       used 17579K, capacity 17747K, committed 18048K, reserved 1064960K
  class space    used 1803K, capacity 1852K, committed 1920K, reserved 1048576K
}

