# JRE version: Java(TM) SE Runtime Environment (8.0_31-b13) (build 1.8.0_31-b13)
# Java VM: Java HotSpot(TM) 64-Bit Server VM (25.31-b07 mixed mode windows-amd64 compressed oops)
Heap:
 PSYoungGen      total 403456K, used 68076K [0x00000000d5d00000, 0x00000000f3b00000, 0x0000000100000000)
  eden space 329728K, 20% used [0x00000000d5d00000,0x00000000d9e6f140,0x00000000e9f00000)
  from space 73728K, 1% used [0x00000000ef300000,0x00000000ef40c010,0x00000000f3b00000)
  to   space 79872K, 0% used [0x00000000e9f00000,0x00000000e9f00000,0x00000000eed00000)
 ParOldGen       total 303616K, used 202139K [0x0000000081600000, 0x0000000093e80000, 0x00000000d5d00000)
  object space 303616K, 66% used [0x0000000081600000,0x000000008db66dc8,0x0000000093e80000)
 Metaspace       used 18297K, capacity 18439K, committed 18560K, reserved 1067008K
  class space    used 1807K, capacity 1881K, committed 1920K, reserved 1048576K
GC Heap History (10 events):
Event: 27.744 GC heap before
{Heap before GC invocations=16 (full 2):
 PSYoungGen      total 364032K, used 266256K [0x00000000d5d00000, 0x00000000f4380000, 0x0000000100000000)
  eden space 265216K, 100% used [0x00000000d5d00000,0x00000000e6000000,0x00000000e6000000)
  from space 98816K, 1% used [0x00000000e6000000,0x00000000e6104010,0x00000000ec080000)
  to   space 96768K, 0% used [0x00000000ee500000,0x00000000ee500000,0x00000000f4380000)
 ParOldGen       total 303616K, used 202139K [0x0000000081600000, 0x0000000093e80000, 0x00000000d5d00000)
  object space 303616K, 66% used [0x0000000081600000,0x000000008db66dc8,0x0000000093e80000)
 Metaspace       used 18227K, capacity 18439K, committed 18560K, reserved 1067008K
  class space    used 1804K, capacity 1881K, committed 1920K, reserved 1048576K
Event: 27.747 GC heap after
Heap after GC invocations=16 (full 2):
 PSYoungGen      total 380928K, used 224K [0x00000000d5d00000, 0x00000000f3700000, 0x0000000100000000)
  eden space 296960K, 0% used [0x00000000d5d00000,0x00000000d5d00000,0x00000000e7f00000)
  from space 83968K, 0% used [0x00000000ee500000,0x00000000ee538000,0x00000000f3700000)
  to   space 94208K, 0% used [0x00000000e7f00000,0x00000000e7f00000,0x00000000edb00000)
 ParOldGen       total 303616K, used 202139K [0x0000000081600000, 0x0000000093e80000, 0x00000000d5d00000)
  object space 303616K, 66% used [0x0000000081600000,0x000000008db66dc8,0x0000000093e80000)
 Metaspace       used 18227K, capacity 18439K, committed 18560K, reserved 1067008K
  class space    used 1804K, capacity 1881K, committed 1920K, reserved 1048576K
}
Event: 32.095 GC heap before
{Heap before GC invocations=17 (full 2):
 PSYoungGen      total 380928K, used 296694K [0x00000000d5d00000, 0x00000000f3700000, 0x0000000100000000)
  eden space 296960K, 99% used [0x00000000d5d00000,0x00000000e7e85b88,0x00000000e7f00000)
  from space 83968K, 0% used [0x00000000ee500000,0x00000000ee538000,0x00000000f3700000)
  to   space 94208K, 0% used [0x00000000e7f00000,0x00000000e7f00000,0x00000000edb00000)
 ParOldGen       total 303616K, used 202139K [0x0000000081600000, 0x0000000093e80000, 0x00000000d5d00000)
  object space 303616K, 66% used [0x0000000081600000,0x000000008db66dc8,0x0000000093e80000)
 Metaspace       used 18231K, capacity 18439K, committed 18560K, reserved 1067008K
  class space    used 1804K, capacity 1881K, committed 1920K, reserved 1048576K
Event: 32.098 GC heap after
Heap after GC invocations=17 (full 2):
 PSYoungGen      total 391168K, used 3584K [0x00000000d5d00000, 0x00000000f4a80000, 0x0000000100000000)
  eden space 296960K, 0% used [0x00000000d5d00000,0x00000000d5d00000,0x00000000e7f00000)
  from space 94208K, 3% used [0x00000000e7f00000,0x00000000e8280020,0x00000000edb00000)
  to   space 90112K, 0% used [0x00000000ef280000,0x00000000ef280000,0x00000000f4a80000)
 ParOldGen       total 303616K, used 202139K [0x0000000081600000, 0x0000000093e80000, 0x00000000d5d00000)
  object space 303616K, 66% used [0x0000000081600000,0x000000008db66dc8,0x0000000093e80000)
 Metaspace       used 18231K, capacity 18439K, committed 18560K, reserved 1067008K
  class space    used 1804K, capacity 1881K, committed 1920K, reserved 1048576K
}
Event: 36.321 GC heap before
{Heap before GC invocations=18 (full 2):
 PSYoungGen      total 391168K, used 298249K [0x00000000d5d00000, 0x00000000f4a80000, 0x0000000100000000)
  eden space 296960K, 99% used [0x00000000d5d00000,0x00000000e7cc2588,0x00000000e7f00000)
  from space 94208K, 3% used [0x00000000e7f00000,0x00000000e8280020,0x00000000edb00000)
  to   space 90112K, 0% used [0x00000000ef280000,0x00000000ef280000,0x00000000f4a80000)
 ParOldGen       total 303616K, used 202139K [0x0000000081600000, 0x0000000093e80000, 0x00000000d5d00000)
  object space 303616K, 66% used [0x0000000081600000,0x000000008db66dc8,0x0000000093e80000)
 Metaspace       used 18242K, capacity 18439K, committed 18560K, reserved 1067008K
  class space    used 1804K, capacity 1881K, committed 1920K, reserved 1048576K
Event: 36.324 GC heap after
Heap after GC invocations=18 (full 2):
 PSYoungGen      total 397824K, used 1072K [0x00000000d5d00000, 0x00000000f3f00000, 0x0000000100000000)
  eden space 319488K, 0% used [0x00000000d5d00000,0x00000000d5d00000,0x00000000e9500000)
  from space 78336K, 1% used [0x00000000ef280000,0x00000000ef38c010,0x00000000f3f00000)
  to   space 87040K, 0% used [0x00000000e9500000,0x00000000e9500000,0x00000000eea00000)
 ParOldGen       total 303616K, used 202139K [0x0000000081600000, 0x0000000093e80000, 0x00000000d5d00000)
  object space 303616K, 66% used [0x0000000081600000,0x000000008db66dc8,0x0000000093e80000)
 Metaspace       used 18242K, capacity 18439K, committed 18560K, reserved 1067008K
  class space    used 1804K, capacity 1881K, committed 1920K, reserved 1048576K
}
Event: 41.104 GC heap before
{Heap before GC invocations=19 (full 2):
 PSYoungGen      total 397824K, used 320560K [0x00000000d5d00000, 0x00000000f3f00000, 0x0000000100000000)
  eden space 319488K, 100% used [0x00000000d5d00000,0x00000000e9500000,0x00000000e9500000)
  from space 78336K, 1% used [0x00000000ef280000,0x00000000ef38c010,0x00000000f3f00000)
  to   space 87040K, 0% used [0x00000000e9500000,0x00000000e9500000,0x00000000eea00000)
 ParOldGen       total 303616K, used 202139K [0x0000000081600000, 0x0000000093e80000, 0x00000000d5d00000)
  object space 303616K, 66% used [0x0000000081600000,0x000000008db66dc8,0x0000000093e80000)
 Metaspace       used 18257K, capacity 18439K, committed 18560K, reserved 1067008K
  class space    used 1804K, capacity 1881K, committed 1920K, reserved 1048576K
Event: 41.108 GC heap after
Heap after GC invocations=19 (full 2):
 PSYoungGen      total 406528K, used 224K [0x00000000d5d00000, 0x00000000f4480000, 0x0000000100000000)
  eden space 319488K, 0% used [0x00000000d5d00000,0x00000000d5d00000,0x00000000e9500000)
  from space 87040K, 0% used [0x00000000e9500000,0x00000000e9538000,0x00000000eea00000)
  to   space 83456K, 0% used [0x00000000ef300000,0x00000000ef300000,0x00000000f4480000)
 ParOldGen       total 303616K, used 202139K [0x0000000081600000, 0x0000000093e80000, 0x00000000d5d00000)
  object space 303616K, 66% used [0x0000000081600000,0x000000008db66dc8,0x0000000093e80000)
 Metaspace       used 18257K, capacity 18439K, committed 18560K, reserved 1067008K
  class space    used 1804K, capacity 1881K, committed 1920K, reserved 1048576K
}
Event: 45.934 GC heap before
{Heap before GC invocations=20 (full 2):
 PSYoungGen      total 406528K, used 319646K [0x00000000d5d00000, 0x00000000f4480000, 0x0000000100000000)
  eden space 319488K, 99% used [0x00000000d5d00000,0x00000000e94ef950,0x00000000e9500000)
  from space 87040K, 0% used [0x00000000e9500000,0x00000000e9538000,0x00000000eea00000)
  to   space 83456K, 0% used [0x00000000ef300000,0x00000000ef300000,0x00000000f4480000)
 ParOldGen       total 303616K, used 202139K [0x0000000081600000, 0x0000000093e80000, 0x00000000d5d00000)
  object space 303616K, 66% used [0x0000000081600000,0x000000008db66dc8,0x0000000093e80000)
 Metaspace       used 18269K, capacity 18439K, committed 18560K, reserved 1067008K
  class space    used 1804K, capacity 1881K, committed 1920K, reserved 1048576K
Event: 45.938 GC heap after
Heap after GC invocations=20 (full 2):
 PSYoungGen      total 403456K, used 1072K [0x00000000d5d00000, 0x00000000f3b00000, 0x0000000100000000)
  eden space 329728K, 0% used [0x00000000d5d00000,0x00000000d5d00000,0x00000000e9f00000)
  from space 73728K, 1% used [0x00000000ef300000,0x00000000ef40c010,0x00000000f3b00000)
  to   space 79872K, 0% used [0x00000000e9f00000,0x00000000e9f00000,0x00000000eed00000)
 ParOldGen       total 303616K, used 202139K [0x0000000081600000, 0x0000000093e80000, 0x00000000d5d00000)
  object space 303616K, 66% used [0x0000000081600000,0x000000008db66dc8,0x0000000093e80000)
 Metaspace       used 18269K, capacity 18439K, committed 18560K, reserved 1067008K
  class space    used 1804K, capacity 1881K, committed 1920K, reserved 1048576K
}

