# JRE version: Java(TM) SE Runtime Environment (8.0_31-b13) (build 1.8.0_31-b13)
# Java VM: Java HotSpot(TM) 64-Bit Server VM (25.31-b07 mixed mode windows-amd64 compressed oops)
Heap:
 PSYoungGen      total 257536K, used 71682K [0x00000000d5d00000, 0x00000000ee080000, 0x0000000100000000)
  eden space 167424K, 12% used [0x00000000d5d00000,0x00000000d71e8a70,0x00000000e0080000)
  from space 90112K, 55% used [0x00000000e0080000,0x00000000e3198030,0x00000000e5880000)
  to   space 91136K, 0% used [0x00000000e8780000,0x00000000e8780000,0x00000000ee080000)
 ParOldGen       total 250368K, used 142837K [0x0000000081600000, 0x0000000090a80000, 0x00000000d5d00000)
  object space 250368K, 57% used [0x0000000081600000,0x000000008a17d708,0x0000000090a80000)
 Metaspace       used 17668K, capacity 17865K, committed 18048K, reserved 1064960K
  class space    used 1803K, capacity 1880K, committed 1920K, reserved 1048576K
GC Heap History (10 events):
Event: 2.779 GC heap before
{Heap before GC invocations=7 (full 1):
 PSYoungGen      total 126464K, used 18400K [0x00000000d5d00000, 0x00000000e3400000, 0x0000000100000000)
  eden space 108032K, 0% used [0x00000000d5d00000,0x00000000d5d00000,0x00000000dc680000)
  from space 18432K, 99% used [0x00000000df100000,0x00000000e02f80f0,0x00000000e0300000)
  to   space 43520K, 0% used [0x00000000dc680000,0x00000000dc680000,0x00000000df100000)
 ParOldGen       total 87552K, used 57344K [0x0000000081600000, 0x0000000086b80000, 0x00000000d5d00000)
  object space 87552K, 65% used [0x0000000081600000,0x0000000084e00258,0x0000000086b80000)
 Metaspace       used 17475K, capacity 17587K, committed 17792K, reserved 1064960K
  class space    used 1794K, capacity 1813K, committed 1920K, reserved 1048576K
Event: 2.834 GC heap after
Heap after GC invocations=7 (full 1):
 PSYoungGen      total 126464K, used 0K [0x00000000d5d00000, 0x00000000e3400000, 0x0000000100000000)
  eden space 108032K, 0% used [0x00000000d5d00000,0x00000000d5d00000,0x00000000dc680000)
  from space 18432K, 0% used [0x00000000df100000,0x00000000df100000,0x00000000e0300000)
  to   space 43520K, 0% used [0x00000000dc680000,0x00000000dc680000,0x00000000df100000)
 ParOldGen       total 141824K, used 74889K [0x0000000081600000, 0x000000008a080000, 0x00000000d5d00000)
  object space 141824K, 52% used [0x0000000081600000,0x0000000085f22638,0x000000008a080000)
 Metaspace       used 17474K, capacity 17585K, committed 17792K, reserved 1064960K
  class space    used 1793K, capacity 1812K, committed 1920K, reserved 1048576K
}
Event: 3.544 GC heap before
{Heap before GC invocations=8 (full 1):
 PSYoungGen      total 126464K, used 108032K [0x00000000d5d00000, 0x00000000e3400000, 0x0000000100000000)
  eden space 108032K, 100% used [0x00000000d5d00000,0x00000000dc680000,0x00000000dc680000)
  from space 18432K, 0% used [0x00000000df100000,0x00000000df100000,0x00000000e0300000)
  to   space 43520K, 0% used [0x00000000dc680000,0x00000000dc680000,0x00000000df100000)
 ParOldGen       total 141824K, used 74889K [0x0000000081600000, 0x000000008a080000, 0x00000000d5d00000)
  object space 141824K, 52% used [0x0000000081600000,0x0000000085f22638,0x000000008a080000)
 Metaspace       used 17510K, capacity 17617K, committed 17792K, reserved 1064960K
  class space    used 1794K, capacity 1844K, committed 1920K, reserved 1048576K
Event: 3.574 GC heap after
Heap after GC invocations=8 (full 1):
 PSYoungGen      total 151552K, used 37088K [0x00000000d5d00000, 0x00000000e8980000, 0x0000000100000000)
  eden space 108032K, 0% used [0x00000000d5d00000,0x00000000d5d00000,0x00000000dc680000)
  from space 43520K, 85% used [0x00000000dc680000,0x00000000deab8010,0x00000000df100000)
  to   space 50176K, 0% used [0x00000000e5880000,0x00000000e5880000,0x00000000e8980000)
 ParOldGen       total 141824K, used 74897K [0x0000000081600000, 0x000000008a080000, 0x00000000d5d00000)
  object space 141824K, 52% used [0x0000000081600000,0x0000000085f24638,0x000000008a080000)
 Metaspace       used 17510K, capacity 17617K, committed 17792K, reserved 1064960K
  class space    used 1794K, capacity 1844K, committed 1920K, reserved 1048576K
}
Event: 4.356 GC heap before
{Heap before GC invocations=9 (full 1):
 PSYoungGen      total 151552K, used 145120K [0x00000000d5d00000, 0x00000000e8980000, 0x0000000100000000)
  eden space 108032K, 100% used [0x00000000d5d00000,0x00000000dc680000,0x00000000dc680000)
  from space 43520K, 85% used [0x00000000dc680000,0x00000000deab8010,0x00000000df100000)
  to   space 50176K, 0% used [0x00000000e5880000,0x00000000e5880000,0x00000000e8980000)
 ParOldGen       total 141824K, used 74897K [0x0000000081600000, 0x000000008a080000, 0x00000000d5d00000)
  object space 141824K, 52% used [0x0000000081600000,0x0000000085f24638,0x000000008a080000)
 Metaspace       used 17595K, capacity 17745K, committed 18048K, reserved 1064960K
  class space    used 1797K, capacity 1844K, committed 1920K, reserved 1048576K
Event: 4.475 GC heap after
Heap after GC invocations=9 (full 1):
 PSYoungGen      total 217600K, used 50144K [0x00000000d5d00000, 0x00000000ed680000, 0x0000000100000000)
  eden space 167424K, 0% used [0x00000000d5d00000,0x00000000d5d00000,0x00000000e0080000)
  from space 50176K, 99% used [0x00000000e5880000,0x00000000e8978030,0x00000000e8980000)
  to   space 90112K, 0% used [0x00000000e0080000,0x00000000e0080000,0x00000000e5880000)
 ParOldGen       total 144384K, used 143633K [0x0000000081600000, 0x000000008a300000, 0x00000000d5d00000)
  object space 144384K, 99% used [0x0000000081600000,0x000000008a244638,0x000000008a300000)
 Metaspace       used 17595K, capacity 17745K, committed 18048K, reserved 1064960K
  class space    used 1797K, capacity 1844K, committed 1920K, reserved 1048576K
}
Event: 4.475 GC heap before
{Heap before GC invocations=10 (full 2):
 PSYoungGen      total 217600K, used 50144K [0x00000000d5d00000, 0x00000000ed680000, 0x0000000100000000)
  eden space 167424K, 0% used [0x00000000d5d00000,0x00000000d5d00000,0x00000000e0080000)
  from space 50176K, 99% used [0x00000000e5880000,0x00000000e8978030,0x00000000e8980000)
  to   space 90112K, 0% used [0x00000000e0080000,0x00000000e0080000,0x00000000e5880000)
 ParOldGen       total 144384K, used 143633K [0x0000000081600000, 0x000000008a300000, 0x00000000d5d00000)
  object space 144384K, 99% used [0x0000000081600000,0x000000008a244638,0x000000008a300000)
 Metaspace       used 17595K, capacity 17745K, committed 18048K, reserved 1064960K
  class space    used 1797K, capacity 1844K, committed 1920K, reserved 1048576K
Event: 5.251 GC heap after
Heap after GC invocations=10 (full 2):
 PSYoungGen      total 217600K, used 50088K [0x00000000d5d00000, 0x00000000ed680000, 0x0000000100000000)
  eden space 167424K, 0% used [0x00000000d5d00000,0x00000000d5d00000,0x00000000e0080000)
  from space 50176K, 99% used [0x00000000e5880000,0x00000000e896a2a0,0x00000000e8980000)
  to   space 90112K, 0% used [0x00000000e0080000,0x00000000e0080000,0x00000000e5880000)
 ParOldGen       total 250368K, used 142829K [0x0000000081600000, 0x0000000090a80000, 0x00000000d5d00000)
  object space 250368K, 57% used [0x0000000081600000,0x000000008a17b708,0x0000000090a80000)
 Metaspace       used 17595K, capacity 17745K, committed 18048K, reserved 1064960K
  class space    used 1797K, capacity 1844K, committed 1920K, reserved 1048576K
}
Event: 7.571 GC heap before
{Heap before GC invocations=11 (full 2):
 PSYoungGen      total 217600K, used 217512K [0x00000000d5d00000, 0x00000000ed680000, 0x0000000100000000)
  eden space 167424K, 100% used [0x00000000d5d00000,0x00000000e0080000,0x00000000e0080000)
  from space 50176K, 99% used [0x00000000e5880000,0x00000000e896a2a0,0x00000000e8980000)
  to   space 90112K, 0% used [0x00000000e0080000,0x00000000e0080000,0x00000000e5880000)
 ParOldGen       total 250368K, used 142829K [0x0000000081600000, 0x0000000090a80000, 0x00000000d5d00000)
  object space 250368K, 57% used [0x0000000081600000,0x000000008a17b708,0x0000000090a80000)
 Metaspace       used 17662K, capacity 17801K, committed 18048K, reserved 1064960K
  class space    used 1803K, capacity 1880K, committed 1920K, reserved 1048576K
Event: 7.638 GC heap after
Heap after GC invocations=11 (full 2):
 PSYoungGen      total 257536K, used 50272K [0x00000000d5d00000, 0x00000000ee080000, 0x0000000100000000)
  eden space 167424K, 0% used [0x00000000d5d00000,0x00000000d5d00000,0x00000000e0080000)
  from space 90112K, 55% used [0x00000000e0080000,0x00000000e3198030,0x00000000e5880000)
  to   space 91136K, 0% used [0x00000000e8780000,0x00000000e8780000,0x00000000ee080000)
 ParOldGen       total 250368K, used 142837K [0x0000000081600000, 0x0000000090a80000, 0x00000000d5d00000)
  object space 250368K, 57% used [0x0000000081600000,0x000000008a17d708,0x0000000090a80000)
 Metaspace       used 17662K, capacity 17801K, committed 18048K, reserved 1064960K
  class space    used 1803K, capacity 1880K, committed 1920K, reserved 1048576K
}

