# JRE version: Java(TM) SE Runtime Environment (8.0_31-b13) (build 1.8.0_31-b13)
# Java VM: Java HotSpot(TM) 64-Bit Server VM (25.31-b07 mixed mode windows-amd64 compressed oops)
Heap:
 PSYoungGen      total 246272K, used 32897K [0x00000000d5d00000, 0x00000000ebd00000, 0x0000000100000000)
  eden space 161280K, 5% used [0x00000000d5d00000,0x00000000d65786b8,0x00000000dfa80000)
  from space 84992K, 28% used [0x00000000dfa80000,0x00000000e1228000,0x00000000e4d80000)
  to   space 80384K, 0% used [0x00000000e6e80000,0x00000000e6e80000,0x00000000ebd00000)
 ParOldGen       total 276992K, used 168941K [0x0000000081600000, 0x0000000092480000, 0x00000000d5d00000)
  object space 276992K, 60% used [0x0000000081600000,0x000000008bafb618,0x0000000092480000)
 Metaspace       used 17717K, capacity 17929K, committed 18048K, reserved 1064960K
  class space    used 1802K, capacity 1880K, committed 1920K, reserved 1048576K
GC Heap History (10 events):
Event: 2.405 GC heap before
{Heap before GC invocations=7 (full 1):
 PSYoungGen      total 71680K, used 66560K [0x00000000d5d00000, 0x00000000e2c00000, 0x0000000100000000)
  eden space 66560K, 100% used [0x00000000d5d00000,0x00000000d9e00000,0x00000000d9e00000)
  from space 5120K, 0% used [0x00000000d9e00000,0x00000000d9e00000,0x00000000da300000)
  to   space 39424K, 0% used [0x00000000e0580000,0x00000000e0580000,0x00000000e2c00000)
 ParOldGen       total 168960K, used 80913K [0x0000000081600000, 0x000000008bb00000, 0x00000000d5d00000)
  object space 168960K, 47% used [0x0000000081600000,0x0000000086504748,0x000000008bb00000)
 Metaspace       used 17456K, capacity 17617K, committed 17792K, reserved 1064960K
  class space    used 1789K, capacity 1844K, committed 1920K, reserved 1048576K
Event: 2.463 GC heap after
Heap after GC invocations=7 (full 1):
 PSYoungGen      total 150016K, used 39392K [0x00000000d5d00000, 0x00000000e4b00000, 0x0000000100000000)
  eden space 110592K, 0% used [0x00000000d5d00000,0x00000000d5d00000,0x00000000dc900000)
  from space 39424K, 99% used [0x00000000e0580000,0x00000000e2bf8010,0x00000000e2c00000)
  to   space 61952K, 0% used [0x00000000dc900000,0x00000000dc900000,0x00000000e0580000)
 ParOldGen       total 168960K, used 103417K [0x0000000081600000, 0x000000008bb00000, 0x00000000d5d00000)
  object space 168960K, 61% used [0x0000000081600000,0x0000000087afe748,0x000000008bb00000)
 Metaspace       used 17456K, capacity 17617K, committed 17792K, reserved 1064960K
  class space    used 1789K, capacity 1844K, committed 1920K, reserved 1048576K
}
Event: 3.923 GC heap before
{Heap before GC invocations=8 (full 1):
 PSYoungGen      total 150016K, used 149984K [0x00000000d5d00000, 0x00000000e4b00000, 0x0000000100000000)
  eden space 110592K, 100% used [0x00000000d5d00000,0x00000000dc900000,0x00000000dc900000)
  from space 39424K, 99% used [0x00000000e0580000,0x00000000e2bf8010,0x00000000e2c00000)
  to   space 61952K, 0% used [0x00000000dc900000,0x00000000dc900000,0x00000000e0580000)
 ParOldGen       total 168960K, used 103417K [0x0000000081600000, 0x000000008bb00000, 0x00000000d5d00000)
  object space 168960K, 61% used [0x0000000081600000,0x0000000087afe748,0x000000008bb00000)
 Metaspace       used 17591K, capacity 17751K, committed 18048K, reserved 1064960K
  class space    used 1797K, capacity 1845K, committed 1920K, reserved 1048576K
Event: 4.074 GC heap after
Heap after GC invocations=8 (full 1):
 PSYoungGen      total 172544K, used 61920K [0x00000000d5d00000, 0x00000000ecc80000, 0x0000000100000000)
  eden space 110592K, 0% used [0x00000000d5d00000,0x00000000d5d00000,0x00000000dc900000)
  from space 61952K, 99% used [0x00000000dc900000,0x00000000e0578030,0x00000000e0580000)
  to   space 90112K, 0% used [0x00000000e7480000,0x00000000e7480000,0x00000000ecc80000)
 ParOldGen       total 168960K, used 131481K [0x0000000081600000, 0x000000008bb00000, 0x00000000d5d00000)
  object space 168960K, 77% used [0x0000000081600000,0x0000000089666748,0x000000008bb00000)
 Metaspace       used 17591K, capacity 17751K, committed 18048K, reserved 1064960K
  class space    used 1797K, capacity 1845K, committed 1920K, reserved 1048576K
}
Event: 4.074 GC heap before
{Heap before GC invocations=9 (full 2):
 PSYoungGen      total 172544K, used 61920K [0x00000000d5d00000, 0x00000000ecc80000, 0x0000000100000000)
  eden space 110592K, 0% used [0x00000000d5d00000,0x00000000d5d00000,0x00000000dc900000)
  from space 61952K, 99% used [0x00000000dc900000,0x00000000e0578030,0x00000000e0580000)
  to   space 90112K, 0% used [0x00000000e7480000,0x00000000e7480000,0x00000000ecc80000)
 ParOldGen       total 168960K, used 131481K [0x0000000081600000, 0x000000008bb00000, 0x00000000d5d00000)
  object space 168960K, 77% used [0x0000000081600000,0x0000000089666748,0x000000008bb00000)
 Metaspace       used 17591K, capacity 17751K, committed 18048K, reserved 1064960K
  class space    used 1797K, capacity 1845K, committed 1920K, reserved 1048576K
Event: 4.916 GC heap after
Heap after GC invocations=9 (full 2):
 PSYoungGen      total 172544K, used 23997K [0x00000000d5d00000, 0x00000000ecc80000, 0x0000000100000000)
  eden space 110592K, 0% used [0x00000000d5d00000,0x00000000d5d00000,0x00000000dc900000)
  from space 61952K, 38% used [0x00000000dc900000,0x00000000de06f790,0x00000000e0580000)
  to   space 90112K, 0% used [0x00000000e7480000,0x00000000e7480000,0x00000000ecc80000)
 ParOldGen       total 276992K, used 168925K [0x0000000081600000, 0x0000000092480000, 0x00000000d5d00000)
  object space 276992K, 60% used [0x0000000081600000,0x000000008baf7618,0x0000000092480000)
 Metaspace       used 17591K, capacity 17751K, committed 18048K, reserved 1064960K
  class space    used 1797K, capacity 1845K, committed 1920K, reserved 1048576K
}
Event: 6.060 GC heap before
{Heap before GC invocations=10 (full 2):
 PSYoungGen      total 172544K, used 134589K [0x00000000d5d00000, 0x00000000ecc80000, 0x0000000100000000)
  eden space 110592K, 100% used [0x00000000d5d00000,0x00000000dc900000,0x00000000dc900000)
  from space 61952K, 38% used [0x00000000dc900000,0x00000000de06f790,0x00000000e0580000)
  to   space 90112K, 0% used [0x00000000e7480000,0x00000000e7480000,0x00000000ecc80000)
 ParOldGen       total 276992K, used 168925K [0x0000000081600000, 0x0000000092480000, 0x00000000d5d00000)
  object space 276992K, 60% used [0x0000000081600000,0x000000008baf7618,0x0000000092480000)
 Metaspace       used 17638K, capacity 17769K, committed 18048K, reserved 1064960K
  class space    used 1801K, capacity 1848K, committed 1920K, reserved 1048576K
Event: 6.123 GC heap after
Heap after GC invocations=10 (full 2):
 PSYoungGen      total 206336K, used 24192K [0x00000000d5d00000, 0x00000000ea080000, 0x0000000100000000)
  eden space 161280K, 0% used [0x00000000d5d00000,0x00000000d5d00000,0x00000000dfa80000)
  from space 45056K, 53% used [0x00000000e7480000,0x00000000e8c20000,0x00000000ea080000)
  to   space 84992K, 0% used [0x00000000dfa80000,0x00000000dfa80000,0x00000000e4d80000)
 ParOldGen       total 276992K, used 168933K [0x0000000081600000, 0x0000000092480000, 0x00000000d5d00000)
  object space 276992K, 60% used [0x0000000081600000,0x000000008baf9618,0x0000000092480000)
 Metaspace       used 17638K, capacity 17769K, committed 18048K, reserved 1064960K
  class space    used 1801K, capacity 1848K, committed 1920K, reserved 1048576K
}
Event: 7.868 GC heap before
{Heap before GC invocations=11 (full 2):
 PSYoungGen      total 206336K, used 185472K [0x00000000d5d00000, 0x00000000ea080000, 0x0000000100000000)
  eden space 161280K, 100% used [0x00000000d5d00000,0x00000000dfa80000,0x00000000dfa80000)
  from space 45056K, 53% used [0x00000000e7480000,0x00000000e8c20000,0x00000000ea080000)
  to   space 84992K, 0% used [0x00000000dfa80000,0x00000000dfa80000,0x00000000e4d80000)
 ParOldGen       total 276992K, used 168933K [0x0000000081600000, 0x0000000092480000, 0x00000000d5d00000)
  object space 276992K, 60% used [0x0000000081600000,0x000000008baf9618,0x0000000092480000)
 Metaspace       used 17714K, capacity 17929K, committed 18048K, reserved 1064960K
  class space    used 1802K, capacity 1880K, committed 1920K, reserved 1048576K
Event: 7.900 GC heap after
Heap after GC invocations=11 (full 2):
 PSYoungGen      total 246272K, used 24224K [0x00000000d5d00000, 0x00000000ebd00000, 0x0000000100000000)
  eden space 161280K, 0% used [0x00000000d5d00000,0x00000000d5d00000,0x00000000dfa80000)
  from space 84992K, 28% used [0x00000000dfa80000,0x00000000e1228000,0x00000000e4d80000)
  to   space 80384K, 0% used [0x00000000e6e80000,0x00000000e6e80000,0x00000000ebd00000)
 ParOldGen       total 276992K, used 168941K [0x0000000081600000, 0x0000000092480000, 0x00000000d5d00000)
  object space 276992K, 60% used [0x0000000081600000,0x000000008bafb618,0x0000000092480000)
 Metaspace       used 17714K, capacity 17929K, committed 18048K, reserved 1064960K
  class space    used 1802K, capacity 1880K, committed 1920K, reserved 1048576K
}

