# JRE version: Java(TM) SE Runtime Environment (8.0_31-b13) (build 1.8.0_31-b13)
# Java VM: Java HotSpot(TM) 64-Bit Server VM (25.31-b07 mixed mode windows-amd64 compressed oops)
Heap:
 PSYoungGen      total 283136K, used 22314K [0x00000000d5d00000, 0x00000000f0900000, 0x0000000100000000)
  eden space 176128K, 7% used [0x00000000d5d00000,0x00000000d69cc578,0x00000000e0900000)
  from space 107008K, 8% used [0x00000000e0900000,0x00000000e11fe3c8,0x00000000e7180000)
  to   space 101376K, 0% used [0x00000000ea600000,0x00000000ea600000,0x00000000f0900000)
 ParOldGen       total 302592K, used 190324K [0x0000000081600000, 0x0000000093d80000, 0x00000000d5d00000)
  object space 302592K, 62% used [0x0000000081600000,0x000000008cfdd330,0x0000000093d80000)
 Metaspace       used 17999K, capacity 18199K, committed 18304K, reserved 1064960K
  class space    used 1804K, capacity 1881K, committed 1920K, reserved 1048576K
GC Heap History (10 events):
Event: 3.422 GC heap before
{Heap before GC invocations=7 (full 1):
 PSYoungGen      total 71680K, used 71634K [0x00000000d5d00000, 0x00000000e3f00000, 0x0000000100000000)
  eden space 66560K, 100% used [0x00000000d5d00000,0x00000000d9e00000,0x00000000d9e00000)
  from space 5120K, 99% used [0x00000000d9e00000,0x00000000da2f4ac8,0x00000000da300000)
  to   space 49152K, 0% used [0x00000000e0f00000,0x00000000e0f00000,0x00000000e3f00000)
 ParOldGen       total 190464K, used 90100K [0x0000000081600000, 0x000000008d000000, 0x00000000d5d00000)
  object space 190464K, 47% used [0x0000000081600000,0x0000000086dfd0f0,0x000000008d000000)
 Metaspace       used 17555K, capacity 17681K, committed 17792K, reserved 1064960K
  class space    used 1796K, capacity 1844K, committed 1920K, reserved 1048576K
Event: 3.507 GC heap after
Heap after GC invocations=7 (full 1):
 PSYoungGen      total 159744K, used 49140K [0x00000000d5d00000, 0x00000000e5880000, 0x0000000100000000)
  eden space 110592K, 0% used [0x00000000d5d00000,0x00000000d5d00000,0x00000000dc900000)
  from space 49152K, 99% used [0x00000000e0f00000,0x00000000e3efd080,0x00000000e3f00000)
  to   space 71680K, 0% used [0x00000000dc900000,0x00000000dc900000,0x00000000e0f00000)
 ParOldGen       total 190464K, used 107732K [0x0000000081600000, 0x000000008d000000, 0x00000000d5d00000)
  object space 190464K, 56% used [0x0000000081600000,0x0000000087f350f0,0x000000008d000000)
 Metaspace       used 17555K, capacity 17681K, committed 17792K, reserved 1064960K
  class space    used 1796K, capacity 1844K, committed 1920K, reserved 1048576K
}
Event: 5.490 GC heap before
{Heap before GC invocations=8 (full 1):
 PSYoungGen      total 159744K, used 159732K [0x00000000d5d00000, 0x00000000e5880000, 0x0000000100000000)
  eden space 110592K, 100% used [0x00000000d5d00000,0x00000000dc900000,0x00000000dc900000)
  from space 49152K, 99% used [0x00000000e0f00000,0x00000000e3efd080,0x00000000e3f00000)
  to   space 71680K, 0% used [0x00000000dc900000,0x00000000dc900000,0x00000000e0f00000)
 ParOldGen       total 190464K, used 107732K [0x0000000081600000, 0x000000008d000000, 0x00000000d5d00000)
  object space 190464K, 56% used [0x0000000081600000,0x0000000087f350f0,0x000000008d000000)
 Metaspace       used 17858K, capacity 18053K, committed 18304K, reserved 1064960K
  class space    used 1801K, capacity 1878K, committed 1920K, reserved 1048576K
Event: 5.604 GC heap after
Heap after GC invocations=8 (full 1):
 PSYoungGen      total 182272K, used 71660K [0x00000000d5d00000, 0x00000000ed200000, 0x0000000100000000)
  eden space 110592K, 0% used [0x00000000d5d00000,0x00000000d5d00000,0x00000000dc900000)
  from space 71680K, 99% used [0x00000000dc900000,0x00000000e0efb070,0x00000000e0f00000)
  to   space 98816K, 0% used [0x00000000e7180000,0x00000000e7180000,0x00000000ed200000)
 ParOldGen       total 190464K, used 128179K [0x0000000081600000, 0x000000008d000000, 0x00000000d5d00000)
  object space 190464K, 67% used [0x0000000081600000,0x000000008932cf78,0x000000008d000000)
 Metaspace       used 17858K, capacity 18053K, committed 18304K, reserved 1064960K
  class space    used 1801K, capacity 1878K, committed 1920K, reserved 1048576K
}
Event: 7.523 GC heap before
{Heap before GC invocations=9 (full 1):
 PSYoungGen      total 182272K, used 182252K [0x00000000d5d00000, 0x00000000ed200000, 0x0000000100000000)
  eden space 110592K, 100% used [0x00000000d5d00000,0x00000000dc900000,0x00000000dc900000)
  from space 71680K, 99% used [0x00000000dc900000,0x00000000e0efb070,0x00000000e0f00000)
  to   space 98816K, 0% used [0x00000000e7180000,0x00000000e7180000,0x00000000ed200000)
 ParOldGen       total 190464K, used 128179K [0x0000000081600000, 0x000000008d000000, 0x00000000d5d00000)
  object space 190464K, 67% used [0x0000000081600000,0x000000008932cf78,0x000000008d000000)
 Metaspace       used 17911K, capacity 18065K, committed 18304K, reserved 1064960K
  class space    used 1802K, capacity 1880K, committed 1920K, reserved 1048576K
Event: 7.604 GC heap after
Heap after GC invocations=9 (full 1):
 PSYoungGen      total 274944K, used 71756K [0x00000000d5d00000, 0x00000000edc80000, 0x0000000100000000)
  eden space 176128K, 0% used [0x00000000d5d00000,0x00000000d5d00000,0x00000000e0900000)
  from space 98816K, 72% used [0x00000000e7180000,0x00000000eb793070,0x00000000ed200000)
  to   space 107008K, 0% used [0x00000000e0900000,0x00000000e0900000,0x00000000e7180000)
 ParOldGen       total 190464K, used 128211K [0x0000000081600000, 0x000000008d000000, 0x00000000d5d00000)
  object space 190464K, 67% used [0x0000000081600000,0x0000000089334f78,0x000000008d000000)
 Metaspace       used 17911K, capacity 18065K, committed 18304K, reserved 1064960K
  class space    used 1802K, capacity 1880K, committed 1920K, reserved 1048576K
}
Event: 9.475 GC heap before
{Heap before GC invocations=10 (full 1):
 PSYoungGen      total 274944K, used 247884K [0x00000000d5d00000, 0x00000000edc80000, 0x0000000100000000)
  eden space 176128K, 100% used [0x00000000d5d00000,0x00000000e0900000,0x00000000e0900000)
  from space 98816K, 72% used [0x00000000e7180000,0x00000000eb793070,0x00000000ed200000)
  to   space 107008K, 0% used [0x00000000e0900000,0x00000000e0900000,0x00000000e7180000)
 ParOldGen       total 190464K, used 128211K [0x0000000081600000, 0x000000008d000000, 0x00000000d5d00000)
  object space 190464K, 67% used [0x0000000081600000,0x0000000089334f78,0x000000008d000000)
 Metaspace       used 17993K, capacity 18199K, committed 18304K, reserved 1064960K
  class space    used 1803K, capacity 1881K, committed 1920K, reserved 1048576K
Event: 9.535 GC heap after
Heap after GC invocations=10 (full 1):
 PSYoungGen      total 283136K, used 44104K [0x00000000d5d00000, 0x00000000f0900000, 0x0000000100000000)
  eden space 176128K, 0% used [0x00000000d5d00000,0x00000000d5d00000,0x00000000e0900000)
  from space 107008K, 41% used [0x00000000e0900000,0x00000000e3412030,0x00000000e7180000)
  to   space 101376K, 0% used [0x00000000ea600000,0x00000000ea600000,0x00000000f0900000)
 ParOldGen       total 190464K, used 155895K [0x0000000081600000, 0x000000008d000000, 0x00000000d5d00000)
  object space 190464K, 81% used [0x0000000081600000,0x000000008ae3dfb8,0x000000008d000000)
 Metaspace       used 17993K, capacity 18199K, committed 18304K, reserved 1064960K
  class space    used 1803K, capacity 1881K, committed 1920K, reserved 1048576K
}
Event: 9.535 GC heap before
{Heap before GC invocations=11 (full 2):
 PSYoungGen      total 283136K, used 44104K [0x00000000d5d00000, 0x00000000f0900000, 0x0000000100000000)
  eden space 176128K, 0% used [0x00000000d5d00000,0x00000000d5d00000,0x00000000e0900000)
  from space 107008K, 41% used [0x00000000e0900000,0x00000000e3412030,0x00000000e7180000)
  to   space 101376K, 0% used [0x00000000ea600000,0x00000000ea600000,0x00000000f0900000)
 ParOldGen       total 190464K, used 155895K [0x0000000081600000, 0x000000008d000000, 0x00000000d5d00000)
  object space 190464K, 81% used [0x0000000081600000,0x000000008ae3dfb8,0x000000008d000000)
 Metaspace       used 17993K, capacity 18199K, committed 18304K, reserved 1064960K
  class space    used 1803K, capacity 1881K, committed 1920K, reserved 1048576K
Event: 10.450 GC heap after
Heap after GC invocations=11 (full 2):
 PSYoungGen      total 283136K, used 9208K [0x00000000d5d00000, 0x00000000f0900000, 0x0000000100000000)
  eden space 176128K, 0% used [0x00000000d5d00000,0x00000000d5d00000,0x00000000e0900000)
  from space 107008K, 8% used [0x00000000e0900000,0x00000000e11fe3c8,0x00000000e7180000)
  to   space 101376K, 0% used [0x00000000ea600000,0x00000000ea600000,0x00000000f0900000)
 ParOldGen       total 302592K, used 190324K [0x0000000081600000, 0x0000000093d80000, 0x00000000d5d00000)
  object space 302592K, 62% used [0x0000000081600000,0x000000008cfdd330,0x0000000093d80000)
 Metaspace       used 17993K, capacity 18199K, committed 18304K, reserved 1064960K
  class space    used 1803K, capacity 1881K, committed 1920K, reserved 1048576K
}

