# JRE version: Java(TM) SE Runtime Environment (8.0_31-b13) (build 1.8.0_31-b13)
# Java VM: Java HotSpot(TM) 64-Bit Server VM (25.31-b07 mixed mode windows-amd64 compressed oops)
Heap:
 PSYoungGen      total 280576K, used 73810K [0x00000000d5d00000, 0x00000000edb80000, 0x0000000100000000)
  eden space 185856K, 14% used [0x00000000d5d00000,0x00000000d76a89d8,0x00000000e1280000)
  from space 94720K, 50% used [0x00000000e7f00000,0x00000000ead6c040,0x00000000edb80000)
  to   space 102912K, 0% used [0x00000000e1280000,0x00000000e1280000,0x00000000e7700000)
 ParOldGen       total 208384K, used 140396K [0x0000000081600000, 0x000000008e180000, 0x00000000d5d00000)
  object space 208384K, 67% used [0x0000000081600000,0x0000000089f1b198,0x000000008e180000)
 Metaspace       used 17783K, capacity 17993K, committed 18048K, reserved 1064960K
  class space    used 1803K, capacity 1880K, committed 1920K, reserved 1048576K
GC Heap History (10 events):
Event: 8.666 GC heap before
{Heap before GC invocations=7 (full 1):
 PSYoungGen      total 71680K, used 70586K [0x00000000d5d00000, 0x00000000e5b00000, 0x0000000100000000)
  eden space 66560K, 99% used [0x00000000d5d00000,0x00000000d9d70520,0x00000000d9e00000)
  from space 5120K, 89% used [0x00000000d9e00000,0x00000000da27e3a0,0x00000000da300000)
  to   space 63488K, 0% used [0x00000000e1d00000,0x00000000e1d00000,0x00000000e5b00000)
 ParOldGen       total 208384K, used 99363K [0x0000000081600000, 0x000000008e180000, 0x00000000d5d00000)
  object space 208384K, 47% used [0x0000000081600000,0x0000000087708cd8,0x000000008e180000)
 Metaspace       used 17526K, capacity 17681K, committed 17792K, reserved 1064960K
  class space    used 1795K, capacity 1844K, committed 1920K, reserved 1048576K
Event: 8.852 GC heap after
Heap after GC invocations=7 (full 1):
 PSYoungGen      total 145920K, used 45373K [0x00000000d5d00000, 0x00000000e4980000, 0x0000000100000000)
  eden space 100352K, 0% used [0x00000000d5d00000,0x00000000d5d00000,0x00000000dbf00000)
  from space 45568K, 99% used [0x00000000e1d00000,0x00000000e494f470,0x00000000e4980000)
  to   space 69632K, 0% used [0x00000000dc180000,0x00000000dc180000,0x00000000e0580000)
 ParOldGen       total 208384K, used 99371K [0x0000000081600000, 0x000000008e180000, 0x00000000d5d00000)
  object space 208384K, 47% used [0x0000000081600000,0x000000008770acd8,0x000000008e180000)
 Metaspace       used 17526K, capacity 17681K, committed 17792K, reserved 1064960K
  class space    used 1795K, capacity 1844K, committed 1920K, reserved 1048576K
}
Event: 9.480 GC heap before
{Heap before GC invocations=8 (full 1):
 PSYoungGen      total 145920K, used 143927K [0x00000000d5d00000, 0x00000000e4980000, 0x0000000100000000)
  eden space 100352K, 98% used [0x00000000d5d00000,0x00000000dbd3e9f0,0x00000000dbf00000)
  from space 45568K, 99% used [0x00000000e1d00000,0x00000000e494f470,0x00000000e4980000)
  to   space 69632K, 0% used [0x00000000dc180000,0x00000000dc180000,0x00000000e0580000)
 ParOldGen       total 208384K, used 99371K [0x0000000081600000, 0x000000008e180000, 0x00000000d5d00000)
  object space 208384K, 47% used [0x0000000081600000,0x000000008770acd8,0x000000008e180000)
 Metaspace       used 17540K, capacity 17681K, committed 17792K, reserved 1064960K
  class space    used 1795K, capacity 1844K, committed 1920K, reserved 1048576K
Event: 9.820 GC heap after
Heap after GC invocations=8 (full 1):
 PSYoungGen      total 172544K, used 69613K [0x00000000d5d00000, 0x00000000ea800000, 0x0000000100000000)
  eden space 102912K, 0% used [0x00000000d5d00000,0x00000000d5d00000,0x00000000dc180000)
  from space 69632K, 99% used [0x00000000dc180000,0x00000000e057b470,0x00000000e0580000)
  to   space 91648K, 0% used [0x00000000e4e80000,0x00000000e4e80000,0x00000000ea800000)
 ParOldGen       total 208384K, used 113215K [0x0000000081600000, 0x000000008e180000, 0x00000000d5d00000)
  object space 208384K, 54% used [0x0000000081600000,0x000000008848fcf8,0x000000008e180000)
 Metaspace       used 17540K, capacity 17681K, committed 17792K, reserved 1064960K
  class space    used 1795K, capacity 1844K, committed 1920K, reserved 1048576K
}
Event: 10.547 GC heap before
{Heap before GC invocations=9 (full 1):
 PSYoungGen      total 172544K, used 172463K [0x00000000d5d00000, 0x00000000ea800000, 0x0000000100000000)
  eden space 102912K, 99% used [0x00000000d5d00000,0x00000000dc170b80,0x00000000dc180000)
  from space 69632K, 99% used [0x00000000dc180000,0x00000000e057b470,0x00000000e0580000)
  to   space 91648K, 0% used [0x00000000e4e80000,0x00000000e4e80000,0x00000000ea800000)
 ParOldGen       total 208384K, used 113215K [0x0000000081600000, 0x000000008e180000, 0x00000000d5d00000)
  object space 208384K, 54% used [0x0000000081600000,0x000000008848fcf8,0x000000008e180000)
 Metaspace       used 17585K, capacity 17777K, committed 18048K, reserved 1064960K
  class space    used 1799K, capacity 1876K, committed 1920K, reserved 1048576K
Event: 10.754 GC heap after
Heap after GC invocations=9 (full 1):
 PSYoungGen      total 237056K, used 73469K [0x00000000d5d00000, 0x00000000ebf80000, 0x0000000100000000)
  eden space 145408K, 0% used [0x00000000d5d00000,0x00000000d5d00000,0x00000000deb00000)
  from space 91648K, 80% used [0x00000000e4e80000,0x00000000e963f470,0x00000000ea800000)
  to   space 101888K, 0% used [0x00000000deb00000,0x00000000deb00000,0x00000000e4e80000)
 ParOldGen       total 208384K, used 113455K [0x0000000081600000, 0x000000008e180000, 0x00000000d5d00000)
  object space 208384K, 54% used [0x0000000081600000,0x00000000884cbd58,0x000000008e180000)
 Metaspace       used 17585K, capacity 17777K, committed 18048K, reserved 1064960K
  class space    used 1799K, capacity 1876K, committed 1920K, reserved 1048576K
}
Event: 13.523 GC heap before
{Heap before GC invocations=10 (full 1):
 PSYoungGen      total 237056K, used 218150K [0x00000000d5d00000, 0x00000000ebf80000, 0x0000000100000000)
  eden space 145408K, 99% used [0x00000000d5d00000,0x00000000dea4a408,0x00000000deb00000)
  from space 91648K, 80% used [0x00000000e4e80000,0x00000000e963f470,0x00000000ea800000)
  to   space 101888K, 0% used [0x00000000deb00000,0x00000000deb00000,0x00000000e4e80000)
 ParOldGen       total 208384K, used 113455K [0x0000000081600000, 0x000000008e180000, 0x00000000d5d00000)
  object space 208384K, 54% used [0x0000000081600000,0x00000000884cbd58,0x000000008e180000)
 Metaspace       used 17692K, capacity 17865K, committed 18048K, reserved 1064960K
  class space    used 1802K, capacity 1880K, committed 1920K, reserved 1048576K
Event: 13.729 GC heap after
Heap after GC invocations=10 (full 1):
 PSYoungGen      total 247296K, used 69600K [0x00000000d5d00000, 0x00000000ee800000, 0x0000000100000000)
  eden space 145408K, 0% used [0x00000000d5d00000,0x00000000d5d00000,0x00000000deb00000)
  from space 101888K, 68% used [0x00000000deb00000,0x00000000e2ef8030,0x00000000e4e80000)
  to   space 107520K, 0% used [0x00000000e7f00000,0x00000000e7f00000,0x00000000ee800000)
 ParOldGen       total 208384K, used 117436K [0x0000000081600000, 0x000000008e180000, 0x00000000d5d00000)
  object space 208384K, 56% used [0x0000000081600000,0x00000000888af198,0x000000008e180000)
 Metaspace       used 17692K, capacity 17865K, committed 18048K, reserved 1064960K
  class space    used 1802K, capacity 1880K, committed 1920K, reserved 1048576K
}
Event: 16.308 GC heap before
{Heap before GC invocations=11 (full 1):
 PSYoungGen      total 247296K, used 213949K [0x00000000d5d00000, 0x00000000ee800000, 0x0000000100000000)
  eden space 145408K, 99% used [0x00000000d5d00000,0x00000000de9f7680,0x00000000deb00000)
  from space 101888K, 68% used [0x00000000deb00000,0x00000000e2ef8030,0x00000000e4e80000)
  to   space 107520K, 0% used [0x00000000e7f00000,0x00000000e7f00000,0x00000000ee800000)
 ParOldGen       total 208384K, used 117436K [0x0000000081600000, 0x000000008e180000, 0x00000000d5d00000)
  object space 208384K, 56% used [0x0000000081600000,0x00000000888af198,0x000000008e180000)
 Metaspace       used 17767K, capacity 17993K, committed 18048K, reserved 1064960K
  class space    used 1802K, capacity 1880K, committed 1920K, reserved 1048576K
Event: 16.536 GC heap after
Heap after GC invocations=11 (full 1):
 PSYoungGen      total 280576K, used 47536K [0x00000000d5d00000, 0x00000000edb80000, 0x0000000100000000)
  eden space 185856K, 0% used [0x00000000d5d00000,0x00000000d5d00000,0x00000000e1280000)
  from space 94720K, 50% used [0x00000000e7f00000,0x00000000ead6c040,0x00000000edb80000)
  to   space 102912K, 0% used [0x00000000e1280000,0x00000000e1280000,0x00000000e7700000)
 ParOldGen       total 208384K, used 140396K [0x0000000081600000, 0x000000008e180000, 0x00000000d5d00000)
  object space 208384K, 67% used [0x0000000081600000,0x0000000089f1b198,0x000000008e180000)
 Metaspace       used 17767K, capacity 17993K, committed 18048K, reserved 1064960K
  class space    used 1802K, capacity 1880K, committed 1920K, reserved 1048576K
}

