# JRE version: Java(TM) SE Runtime Environment (8.0_31-b13) (build 1.8.0_31-b13)
# Java VM: Java HotSpot(TM) 64-Bit Server VM (25.31-b07 mixed mode windows-amd64 compressed oops)
Heap:
 PSYoungGen      total 172032K, used 110836K [0x00000000d5d00000, 0x00000000ed380000, 0x0000000100000000)
  eden space 111104K, 71% used [0x00000000d5d00000,0x00000000daa4db58,0x00000000dc980000)
  from space 60928K, 51% used [0x00000000dc980000,0x00000000de86f748,0x00000000e0500000)
  to   space 93696K, 0% used [0x00000000e7800000,0x00000000e7800000,0x00000000ed380000)
 ParOldGen       total 284672K, used 167838K [0x0000000081600000, 0x0000000092c00000, 0x00000000d5d00000)
  object space 284672K, 58% used [0x0000000081600000,0x000000008b9e7b90,0x0000000092c00000)
 Metaspace       used 17656K, capacity 17865K, committed 18048K, reserved 1064960K
  class space    used 1803K, capacity 1880K, committed 1920K, reserved 1048576K
GC Heap History (10 events):
Event: 2.518 GC heap before
{Heap before GC invocations=5 (full 0):
 PSYoungGen      total 71680K, used 71488K [0x00000000d5d00000, 0x00000000da800000, 0x0000000100000000)
  eden space 66560K, 100% used [0x00000000d5d00000,0x00000000d9e00000,0x00000000d9e00000)
  from space 5120K, 96% used [0x00000000da300000,0x00000000da7d0050,0x00000000da800000)
  to   space 5120K, 0% used [0x00000000d9e00000,0x00000000d9e00000,0x00000000da300000)
 ParOldGen       total 87552K, used 26854K [0x0000000081600000, 0x0000000086b80000, 0x00000000d5d00000)
  object space 87552K, 30% used [0x0000000081600000,0x0000000083039830,0x0000000086b80000)
 Metaspace       used 17492K, capacity 17619K, committed 17792K, reserved 1064960K
  class space    used 1796K, capacity 1845K, committed 1920K, reserved 1048576K
Event: 2.549 GC heap after
Heap after GC invocations=5 (full 0):
 PSYoungGen      total 71680K, used 5092K [0x00000000d5d00000, 0x00000000e2b00000, 0x0000000100000000)
  eden space 66560K, 0% used [0x00000000d5d00000,0x00000000d5d00000,0x00000000d9e00000)
  from space 5120K, 99% used [0x00000000d9e00000,0x00000000da2f9090,0x00000000da300000)
  to   space 38912K, 0% used [0x00000000e0500000,0x00000000e0500000,0x00000000e2b00000)
 ParOldGen       total 87552K, used 75272K [0x0000000081600000, 0x0000000086b80000, 0x00000000d5d00000)
  object space 87552K, 85% used [0x0000000081600000,0x0000000085f82090,0x0000000086b80000)
 Metaspace       used 17492K, capacity 17619K, committed 17792K, reserved 1064960K
  class space    used 1796K, capacity 1845K, committed 1920K, reserved 1048576K
}
Event: 2.549 GC heap before
{Heap before GC invocations=6 (full 1):
 PSYoungGen      total 71680K, used 5092K [0x00000000d5d00000, 0x00000000e2b00000, 0x0000000100000000)
  eden space 66560K, 0% used [0x00000000d5d00000,0x00000000d5d00000,0x00000000d9e00000)
  from space 5120K, 99% used [0x00000000d9e00000,0x00000000da2f9090,0x00000000da300000)
  to   space 38912K, 0% used [0x00000000e0500000,0x00000000e0500000,0x00000000e2b00000)
 ParOldGen       total 87552K, used 75272K [0x0000000081600000, 0x0000000086b80000, 0x00000000d5d00000)
  object space 87552K, 85% used [0x0000000081600000,0x0000000085f82090,0x0000000086b80000)
 Metaspace       used 17492K, capacity 17619K, committed 17792K, reserved 1064960K
  class space    used 1796K, capacity 1845K, committed 1920K, reserved 1048576K
Event: 2.674 GC heap after
Heap after GC invocations=6 (full 1):
 PSYoungGen      total 71680K, used 0K [0x00000000d5d00000, 0x00000000e2b00000, 0x0000000100000000)
  eden space 66560K, 0% used [0x00000000d5d00000,0x00000000d5d00000,0x00000000d9e00000)
  from space 5120K, 0% used [0x00000000d9e00000,0x00000000d9e00000,0x00000000da300000)
  to   space 38912K, 0% used [0x00000000e0500000,0x00000000e0500000,0x00000000e2b00000)
 ParOldGen       total 167936K, used 79847K [0x0000000081600000, 0x000000008ba00000, 0x00000000d5d00000)
  object space 167936K, 47% used [0x0000000081600000,0x00000000863f9ff8,0x000000008ba00000)
 Metaspace       used 17491K, capacity 17617K, committed 17792K, reserved 1064960K
  class space    used 1796K, capacity 1844K, committed 1920K, reserved 1048576K
}
Event: 2.762 GC heap before
{Heap before GC invocations=7 (full 1):
 PSYoungGen      total 71680K, used 66560K [0x00000000d5d00000, 0x00000000e2b00000, 0x0000000100000000)
  eden space 66560K, 100% used [0x00000000d5d00000,0x00000000d9e00000,0x00000000d9e00000)
  from space 5120K, 0% used [0x00000000d9e00000,0x00000000d9e00000,0x00000000da300000)
  to   space 38912K, 0% used [0x00000000e0500000,0x00000000e0500000,0x00000000e2b00000)
 ParOldGen       total 167936K, used 79847K [0x0000000081600000, 0x000000008ba00000, 0x00000000d5d00000)
  object space 167936K, 47% used [0x0000000081600000,0x00000000863f9ff8,0x000000008ba00000)
 Metaspace       used 17503K, capacity 17617K, committed 17792K, reserved 1064960K
  class space    used 1796K, capacity 1844K, committed 1920K, reserved 1048576K
Event: 2.818 GC heap after
Heap after GC invocations=7 (full 1):
 PSYoungGen      total 150016K, used 38880K [0x00000000d5d00000, 0x00000000e4880000, 0x0000000100000000)
  eden space 111104K, 0% used [0x00000000d5d00000,0x00000000d5d00000,0x00000000dc980000)
  from space 38912K, 99% used [0x00000000e0500000,0x00000000e2af8010,0x00000000e2b00000)
  to   space 60928K, 0% used [0x00000000dc980000,0x00000000dc980000,0x00000000e0500000)
 ParOldGen       total 167936K, used 102335K [0x0000000081600000, 0x000000008ba00000, 0x00000000d5d00000)
  object space 167936K, 60% used [0x0000000081600000,0x00000000879efff8,0x000000008ba00000)
 Metaspace       used 17503K, capacity 17617K, committed 17792K, reserved 1064960K
  class space    used 1796K, capacity 1844K, committed 1920K, reserved 1048576K
}
Event: 4.117 GC heap before
{Heap before GC invocations=8 (full 1):
 PSYoungGen      total 150016K, used 149984K [0x00000000d5d00000, 0x00000000e4880000, 0x0000000100000000)
  eden space 111104K, 100% used [0x00000000d5d00000,0x00000000dc980000,0x00000000dc980000)
  from space 38912K, 99% used [0x00000000e0500000,0x00000000e2af8010,0x00000000e2b00000)
  to   space 60928K, 0% used [0x00000000dc980000,0x00000000dc980000,0x00000000e0500000)
 ParOldGen       total 167936K, used 102335K [0x0000000081600000, 0x000000008ba00000, 0x00000000d5d00000)
  object space 167936K, 60% used [0x0000000081600000,0x00000000879efff8,0x000000008ba00000)
 Metaspace       used 17616K, capacity 17783K, committed 18048K, reserved 1064960K
  class space    used 1800K, capacity 1877K, committed 1920K, reserved 1048576K
Event: 4.206 GC heap after
Heap after GC invocations=8 (full 1):
 PSYoungGen      total 172032K, used 60904K [0x00000000d5d00000, 0x00000000ed380000, 0x0000000100000000)
  eden space 111104K, 0% used [0x00000000d5d00000,0x00000000d5d00000,0x00000000dc980000)
  from space 60928K, 99% used [0x00000000dc980000,0x00000000e04fa030,0x00000000e0500000)
  to   space 93696K, 0% used [0x00000000e7800000,0x00000000e7800000,0x00000000ed380000)
 ParOldGen       total 167936K, used 139039K [0x0000000081600000, 0x000000008ba00000, 0x00000000d5d00000)
  object space 167936K, 82% used [0x0000000081600000,0x0000000089dc7ff8,0x000000008ba00000)
 Metaspace       used 17616K, capacity 17783K, committed 18048K, reserved 1064960K
  class space    used 1800K, capacity 1877K, committed 1920K, reserved 1048576K
}
Event: 4.206 GC heap before
{Heap before GC invocations=9 (full 2):
 PSYoungGen      total 172032K, used 60904K [0x00000000d5d00000, 0x00000000ed380000, 0x0000000100000000)
  eden space 111104K, 0% used [0x00000000d5d00000,0x00000000d5d00000,0x00000000dc980000)
  from space 60928K, 99% used [0x00000000dc980000,0x00000000e04fa030,0x00000000e0500000)
  to   space 93696K, 0% used [0x00000000e7800000,0x00000000e7800000,0x00000000ed380000)
 ParOldGen       total 167936K, used 139039K [0x0000000081600000, 0x000000008ba00000, 0x00000000d5d00000)
  object space 167936K, 82% used [0x0000000081600000,0x0000000089dc7ff8,0x000000008ba00000)
 Metaspace       used 17616K, capacity 17783K, committed 18048K, reserved 1064960K
  class space    used 1800K, capacity 1877K, committed 1920K, reserved 1048576K
Event: 5.045 GC heap after
Heap after GC invocations=9 (full 2):
 PSYoungGen      total 172032K, used 31677K [0x00000000d5d00000, 0x00000000ed380000, 0x0000000100000000)
  eden space 111104K, 0% used [0x00000000d5d00000,0x00000000d5d00000,0x00000000dc980000)
  from space 60928K, 51% used [0x00000000dc980000,0x00000000de86f748,0x00000000e0500000)
  to   space 93696K, 0% used [0x00000000e7800000,0x00000000e7800000,0x00000000ed380000)
 ParOldGen       total 284672K, used 167838K [0x0000000081600000, 0x0000000092c00000, 0x00000000d5d00000)
  object space 284672K, 58% used [0x0000000081600000,0x000000008b9e7b90,0x0000000092c00000)
 Metaspace       used 17616K, capacity 17783K, committed 18048K, reserved 1064960K
  class space    used 1800K, capacity 1877K, committed 1920K, reserved 1048576K
}

