# JRE version: Java(TM) SE Runtime Environment (8.0_31-b13) (build 1.8.0_31-b13)
# Java VM: Java HotSpot(TM) 64-Bit Server VM (25.31-b07 mixed mode windows-amd64 compressed oops)
Heap:
 PSYoungGen      total 269312K, used 29296K [0x00000000d5d00000, 0x00000000eef00000, 0x0000000100000000)
  eden space 163328K, 11% used [0x00000000d5d00000,0x00000000d6ee9790,0x00000000dfc80000)
  from space 105984K, 10% used [0x00000000dfc80000,0x00000000e0732b48,0x00000000e6400000)
  to   space 99328K, 0% used [0x00000000e8e00000,0x00000000e8e00000,0x00000000eef00000)
 ParOldGen       total 314368K, used 190257K [0x0000000081600000, 0x0000000094900000, 0x00000000d5d00000)
  object space 314368K, 60% used [0x0000000081600000,0x000000008cfcc5f0,0x0000000094900000)
 Metaspace       used 17851K, capacity 18063K, committed 18304K, reserved 1064960K
  class space    used 1803K, capacity 1881K, committed 1920K, reserved 1048576K
GC Heap History (10 events):
Event: 2.804 GC heap before
{Heap before GC invocations=7 (full 1):
 PSYoungGen      total 71680K, used 71109K [0x00000000d5d00000, 0x00000000e3b00000, 0x0000000100000000)
  eden space 66560K, 100% used [0x00000000d5d00000,0x00000000d9e00000,0x00000000d9e00000)
  from space 5120K, 88% used [0x00000000d9e00000,0x00000000da271618,0x00000000da300000)
  to   space 47104K, 0% used [0x00000000e0d00000,0x00000000e0d00000,0x00000000e3b00000)
 ParOldGen       total 190464K, used 87775K [0x0000000081600000, 0x000000008d000000, 0x00000000d5d00000)
  object space 190464K, 46% used [0x0000000081600000,0x0000000086bb7e70,0x000000008d000000)
 Metaspace       used 17530K, capacity 17681K, committed 17792K, reserved 1064960K
  class space    used 1795K, capacity 1844K, committed 1920K, reserved 1048576K
Event: 2.865 GC heap after
Heap after GC invocations=7 (full 1):
 PSYoungGen      total 154112K, used 47088K [0x00000000d5d00000, 0x00000000e4d80000, 0x0000000100000000)
  eden space 107008K, 0% used [0x00000000d5d00000,0x00000000d5d00000,0x00000000dc580000)
  from space 47104K, 99% used [0x00000000e0d00000,0x00000000e3afc040,0x00000000e3b00000)
  to   space 69632K, 0% used [0x00000000dc580000,0x00000000dc580000,0x00000000e0980000)
 ParOldGen       total 190464K, used 106535K [0x0000000081600000, 0x000000008d000000, 0x00000000d5d00000)
  object space 190464K, 55% used [0x0000000081600000,0x0000000087e09e70,0x000000008d000000)
 Metaspace       used 17530K, capacity 17681K, committed 17792K, reserved 1064960K
  class space    used 1795K, capacity 1844K, committed 1920K, reserved 1048576K
}
Event: 4.600 GC heap before
{Heap before GC invocations=8 (full 1):
 PSYoungGen      total 154112K, used 152927K [0x00000000d5d00000, 0x00000000e4d80000, 0x0000000100000000)
  eden space 107008K, 98% used [0x00000000d5d00000,0x00000000dc45bf40,0x00000000dc580000)
  from space 47104K, 99% used [0x00000000e0d00000,0x00000000e3afc040,0x00000000e3b00000)
  to   space 69632K, 0% used [0x00000000dc580000,0x00000000dc580000,0x00000000e0980000)
 ParOldGen       total 190464K, used 106535K [0x0000000081600000, 0x000000008d000000, 0x00000000d5d00000)
  object space 190464K, 55% used [0x0000000081600000,0x0000000087e09e70,0x000000008d000000)
 Metaspace       used 17645K, capacity 17871K, committed 18048K, reserved 1064960K
  class space    used 1802K, capacity 1881K, committed 1920K, reserved 1048576K
Event: 4.787 GC heap after
Heap after GC invocations=8 (full 1):
 PSYoungGen      total 176640K, used 69624K [0x00000000d5d00000, 0x00000000ec500000, 0x0000000100000000)
  eden space 107008K, 0% used [0x00000000d5d00000,0x00000000d5d00000,0x00000000dc580000)
  from space 69632K, 99% used [0x00000000dc580000,0x00000000e097e040,0x00000000e0980000)
  to   space 99328K, 0% used [0x00000000e6400000,0x00000000e6400000,0x00000000ec500000)
 ParOldGen       total 190464K, used 132835K [0x0000000081600000, 0x000000008d000000, 0x00000000d5d00000)
  object space 190464K, 69% used [0x0000000081600000,0x00000000897b8eb8,0x000000008d000000)
 Metaspace       used 17645K, capacity 17871K, committed 18048K, reserved 1064960K
  class space    used 1802K, capacity 1881K, committed 1920K, reserved 1048576K
}
Event: 6.188 GC heap before
{Heap before GC invocations=9 (full 1):
 PSYoungGen      total 176640K, used 176230K [0x00000000d5d00000, 0x00000000ec500000, 0x0000000100000000)
  eden space 107008K, 99% used [0x00000000d5d00000,0x00000000dc51b910,0x00000000dc580000)
  from space 69632K, 99% used [0x00000000dc580000,0x00000000e097e040,0x00000000e0980000)
  to   space 99328K, 0% used [0x00000000e6400000,0x00000000e6400000,0x00000000ec500000)
 ParOldGen       total 190464K, used 132835K [0x0000000081600000, 0x000000008d000000, 0x00000000d5d00000)
  object space 190464K, 69% used [0x0000000081600000,0x00000000897b8eb8,0x000000008d000000)
 Metaspace       used 17725K, capacity 17935K, committed 18048K, reserved 1064960K
  class space    used 1802K, capacity 1881K, committed 1920K, reserved 1048576K
Event: 6.283 GC heap after
Heap after GC invocations=9 (full 1):
 PSYoungGen      total 262656K, used 68840K [0x00000000d5d00000, 0x00000000ece00000, 0x0000000100000000)
  eden space 163328K, 0% used [0x00000000d5d00000,0x00000000d5d00000,0x00000000dfc80000)
  from space 99328K, 69% used [0x00000000e6400000,0x00000000ea73a030,0x00000000ec500000)
  to   space 105984K, 0% used [0x00000000dfc80000,0x00000000dfc80000,0x00000000e6400000)
 ParOldGen       total 190464K, used 132867K [0x0000000081600000, 0x000000008d000000, 0x00000000d5d00000)
  object space 190464K, 69% used [0x0000000081600000,0x00000000897c0eb8,0x000000008d000000)
 Metaspace       used 17725K, capacity 17935K, committed 18048K, reserved 1064960K
  class space    used 1802K, capacity 1881K, committed 1920K, reserved 1048576K
}
Event: 8.429 GC heap before
{Heap before GC invocations=10 (full 1):
 PSYoungGen      total 262656K, used 231960K [0x00000000d5d00000, 0x00000000ece00000, 0x0000000100000000)
  eden space 163328K, 99% used [0x00000000d5d00000,0x00000000dfc4c060,0x00000000dfc80000)
  from space 99328K, 69% used [0x00000000e6400000,0x00000000ea73a030,0x00000000ec500000)
  to   space 105984K, 0% used [0x00000000dfc80000,0x00000000dfc80000,0x00000000e6400000)
 ParOldGen       total 190464K, used 132867K [0x0000000081600000, 0x000000008d000000, 0x00000000d5d00000)
  object space 190464K, 69% used [0x0000000081600000,0x00000000897c0eb8,0x000000008d000000)
 Metaspace       used 17821K, capacity 18063K, committed 18304K, reserved 1064960K
  class space    used 1802K, capacity 1881K, committed 1920K, reserved 1048576K
Event: 8.503 GC heap after
Heap after GC invocations=10 (full 1):
 PSYoungGen      total 269312K, used 40232K [0x00000000d5d00000, 0x00000000eef00000, 0x0000000100000000)
  eden space 163328K, 0% used [0x00000000d5d00000,0x00000000d5d00000,0x00000000dfc80000)
  from space 105984K, 37% used [0x00000000dfc80000,0x00000000e23ca030,0x00000000e6400000)
  to   space 99328K, 0% used [0x00000000e8e00000,0x00000000e8e00000,0x00000000eef00000)
 ParOldGen       total 190464K, used 161603K [0x0000000081600000, 0x000000008d000000, 0x00000000d5d00000)
  object space 190464K, 84% used [0x0000000081600000,0x000000008b3d0e18,0x000000008d000000)
 Metaspace       used 17821K, capacity 18063K, committed 18304K, reserved 1064960K
  class space    used 1802K, capacity 1881K, committed 1920K, reserved 1048576K
}
Event: 8.503 GC heap before
{Heap before GC invocations=11 (full 2):
 PSYoungGen      total 269312K, used 40232K [0x00000000d5d00000, 0x00000000eef00000, 0x0000000100000000)
  eden space 163328K, 0% used [0x00000000d5d00000,0x00000000d5d00000,0x00000000dfc80000)
  from space 105984K, 37% used [0x00000000dfc80000,0x00000000e23ca030,0x00000000e6400000)
  to   space 99328K, 0% used [0x00000000e8e00000,0x00000000e8e00000,0x00000000eef00000)
 ParOldGen       total 190464K, used 161603K [0x0000000081600000, 0x000000008d000000, 0x00000000d5d00000)
  object space 190464K, 84% used [0x0000000081600000,0x000000008b3d0e18,0x000000008d000000)
 Metaspace       used 17821K, capacity 18063K, committed 18304K, reserved 1064960K
  class space    used 1802K, capacity 1881K, committed 1920K, reserved 1048576K
Event: 9.474 GC heap after
Heap after GC invocations=11 (full 2):
 PSYoungGen      total 269312K, used 10954K [0x00000000d5d00000, 0x00000000eef00000, 0x0000000100000000)
  eden space 163328K, 0% used [0x00000000d5d00000,0x00000000d5d00000,0x00000000dfc80000)
  from space 105984K, 10% used [0x00000000dfc80000,0x00000000e0732b48,0x00000000e6400000)
  to   space 99328K, 0% used [0x00000000e8e00000,0x00000000e8e00000,0x00000000eef00000)
 ParOldGen       total 314368K, used 190257K [0x0000000081600000, 0x0000000094900000, 0x00000000d5d00000)
  object space 314368K, 60% used [0x0000000081600000,0x000000008cfcc5f0,0x0000000094900000)
 Metaspace       used 17821K, capacity 18063K, committed 18304K, reserved 1064960K
  class space    used 1802K, capacity 1881K, committed 1920K, reserved 1048576K
}

